{"$message_type":"diagnostic","message":"mismatched types","code":{"code":"E0308","explanation":"Expected type did not match the received type.\n\nErroneous code examples:\n\n```compile_fail,E0308\nfn plus_one(x: i32) -> i32 {\n    x + 1\n}\n\nplus_one(\"Not a number\");\n//       ^^^^^^^^^^^^^^ expected `i32`, found `&str`\n\nif \"Not a bool\" {\n// ^^^^^^^^^^^^ expected `bool`, found `&str`\n}\n\nlet x: f32 = \"Not a float\";\n//     ---   ^^^^^^^^^^^^^ expected `f32`, found `&str`\n//     |\n//     expected due to this\n```\n\nThis error occurs when an expression was used in a place where the compiler\nexpected an expression of a different type. It can occur in several cases, the\nmost common being when calling a function and passing an argument which has a\ndifferent type than the matching type in the function declaration.\n"},"level":"error","spans":[{"file_name":"/home/notlim_dev/.cargo/registry/src/index.crates.io-6f17d22bba15001f/lexical-core-0.6.2/src/atof/algorithm/bhcomp.rs","byte_start":1874,"byte_end":1884,"line_start":62,"line_end":62,"column_start":24,"column_end":34,"is_primary":true,"text":[{"text":"    let bytes = bits / Limb::BITS;","highlight_start":24,"highlight_end":34}],"label":"expected `usize`, found `u32`","suggested_replacement":null,"suggestion_applicability":null,"expansion":null}],"children":[],"rendered":"\u001b[0m\u001b[1m\u001b[38;5;9merror[E0308]\u001b[0m\u001b[0m\u001b[1m: mismatched types\u001b[0m\n\u001b[0m  \u001b[0m\u001b[0m\u001b[1m\u001b[38;5;12m--> \u001b[0m\u001b[0m/home/notlim_dev/.cargo/registry/src/index.crates.io-6f17d22bba15001f/lexical-core-0.6.2/src/atof/algorithm/bhcomp.rs:62:24\u001b[0m\n\u001b[0m   \u001b[0m\u001b[0m\u001b[1m\u001b[38;5;12m|\u001b[0m\n\u001b[0m\u001b[1m\u001b[38;5;12m62\u001b[0m\u001b[0m \u001b[0m\u001b[0m\u001b[1m\u001b[38;5;12m|\u001b[0m\u001b[0m \u001b[0m\u001b[0m    let bytes = bits / Limb::BITS;\u001b[0m\n\u001b[0m   \u001b[0m\u001b[0m\u001b[1m\u001b[38;5;12m|\u001b[0m\u001b[0m                        \u001b[0m\u001b[0m\u001b[1m\u001b[38;5;9m^^^^^^^^^^\u001b[0m\u001b[0m \u001b[0m\u001b[0m\u001b[1m\u001b[38;5;9mexpected `usize`, found `u32`\u001b[0m\n\n"}
{"$message_type":"diagnostic","message":"cannot divide `usize` by `u32`","code":{"code":"E0277","explanation":"You tried to use a type which doesn't implement some trait in a place which\nexpected that trait.\n\nErroneous code example:\n\n```compile_fail,E0277\n// here we declare the Foo trait with a bar method\ntrait Foo {\n    fn bar(&self);\n}\n\n// we now declare a function which takes an object implementing the Foo trait\nfn some_func<T: Foo>(foo: T) {\n    foo.bar();\n}\n\nfn main() {\n    // we now call the method with the i32 type, which doesn't implement\n    // the Foo trait\n    some_func(5i32); // error: the trait bound `i32 : Foo` is not satisfied\n}\n```\n\nIn order to fix this error, verify that the type you're using does implement\nthe trait. Example:\n\n```\ntrait Foo {\n    fn bar(&self);\n}\n\n// we implement the trait on the i32 type\nimpl Foo for i32 {\n    fn bar(&self) {}\n}\n\nfn some_func<T: Foo>(foo: T) {\n    foo.bar(); // we can now use this method since i32 implements the\n               // Foo trait\n}\n\nfn main() {\n    some_func(5i32); // ok!\n}\n```\n\nOr in a generic context, an erroneous code example would look like:\n\n```compile_fail,E0277\nfn some_func<T>(foo: T) {\n    println!(\"{:?}\", foo); // error: the trait `core::fmt::Debug` is not\n                           //        implemented for the type `T`\n}\n\nfn main() {\n    // We now call the method with the i32 type,\n    // which *does* implement the Debug trait.\n    some_func(5i32);\n}\n```\n\nNote that the error here is in the definition of the generic function. Although\nwe only call it with a parameter that does implement `Debug`, the compiler\nstill rejects the function. It must work with all possible input types. In\norder to make this example compile, we need to restrict the generic type we're\naccepting:\n\n```\nuse std::fmt;\n\n// Restrict the input type to types that implement Debug.\nfn some_func<T: fmt::Debug>(foo: T) {\n    println!(\"{:?}\", foo);\n}\n\nfn main() {\n    // Calling the method is still fine, as i32 implements Debug.\n    some_func(5i32);\n\n    // This would fail to compile now:\n    // struct WithoutDebug;\n    // some_func(WithoutDebug);\n}\n```\n\nRust only looks at the signature of the called function, as such it must\nalready specify all requirements that will be used for every type parameter.\n"},"level":"error","spans":[{"file_name":"/home/notlim_dev/.cargo/registry/src/index.crates.io-6f17d22bba15001f/lexical-core-0.6.2/src/atof/algorithm/bhcomp.rs","byte_start":1872,"byte_end":1873,"line_start":62,"line_end":62,"column_start":22,"column_end":23,"is_primary":true,"text":[{"text":"    let bytes = bits / Limb::BITS;","highlight_start":22,"highlight_end":23}],"label":"no implementation for `usize / u32`","suggested_replacement":null,"suggestion_applicability":null,"expansion":null}],"children":[{"message":"the trait `Div<u32>` is not implemented for `usize`","code":null,"level":"help","spans":[],"children":[],"rendered":null},{"message":"the following other types implement trait `Div<Rhs>`:\n  `&'a usize` implements `Div<usize>`\n  `&usize` implements `Div<&usize>`\n  `usize` implements `Div<&usize>`\n  `usize` implements `Div<NonZero<usize>>`\n  `usize` implements `Div`","code":null,"level":"help","spans":[],"children":[],"rendered":null}],"rendered":"\u001b[0m\u001b[1m\u001b[38;5;9merror[E0277]\u001b[0m\u001b[0m\u001b[1m: cannot divide `usize` by `u32`\u001b[0m\n\u001b[0m  \u001b[0m\u001b[0m\u001b[1m\u001b[38;5;12m--> \u001b[0m\u001b[0m/home/notlim_dev/.cargo/registry/src/index.crates.io-6f17d22bba15001f/lexical-core-0.6.2/src/atof/algorithm/bhcomp.rs:62:22\u001b[0m\n\u001b[0m   \u001b[0m\u001b[0m\u001b[1m\u001b[38;5;12m|\u001b[0m\n\u001b[0m\u001b[1m\u001b[38;5;12m62\u001b[0m\u001b[0m \u001b[0m\u001b[0m\u001b[1m\u001b[38;5;12m|\u001b[0m\u001b[0m \u001b[0m\u001b[0m    let bytes = bits / Limb::BITS;\u001b[0m\n\u001b[0m   \u001b[0m\u001b[0m\u001b[1m\u001b[38;5;12m|\u001b[0m\u001b[0m                      \u001b[0m\u001b[0m\u001b[1m\u001b[38;5;9m^\u001b[0m\u001b[0m \u001b[0m\u001b[0m\u001b[1m\u001b[38;5;9mno implementation for `usize / u32`\u001b[0m\n\u001b[0m   \u001b[0m\u001b[0m\u001b[1m\u001b[38;5;12m|\u001b[0m\n\u001b[0m   \u001b[0m\u001b[0m\u001b[1m\u001b[38;5;12m= \u001b[0m\u001b[0m\u001b[1mhelp\u001b[0m\u001b[0m: the trait `Div<u32>` is not implemented for `usize`\u001b[0m\n\u001b[0m   \u001b[0m\u001b[0m\u001b[1m\u001b[38;5;12m= \u001b[0m\u001b[0m\u001b[1mhelp\u001b[0m\u001b[0m: the following other types implement trait `Div<Rhs>`:\u001b[0m\n\u001b[0m             `&'a usize` implements `Div<usize>`\u001b[0m\n\u001b[0m             `&usize` implements `Div<&usize>`\u001b[0m\n\u001b[0m             `usize` implements `Div<&usize>`\u001b[0m\n\u001b[0m             `usize` implements `Div<NonZero<usize>>`\u001b[0m\n\u001b[0m             `usize` implements `Div`\u001b[0m\n\n"}
{"$message_type":"diagnostic","message":"mismatched types","code":{"code":"E0308","explanation":"Expected type did not match the received type.\n\nErroneous code examples:\n\n```compile_fail,E0308\nfn plus_one(x: i32) -> i32 {\n    x + 1\n}\n\nplus_one(\"Not a number\");\n//       ^^^^^^^^^^^^^^ expected `i32`, found `&str`\n\nif \"Not a bool\" {\n// ^^^^^^^^^^^^ expected `bool`, found `&str`\n}\n\nlet x: f32 = \"Not a float\";\n//     ---   ^^^^^^^^^^^^^ expected `f32`, found `&str`\n//     |\n//     expected due to this\n```\n\nThis error occurs when an expression was used in a place where the compiler\nexpected an expression of a different type. It can occur in several cases, the\nmost common being when calling a function and passing an argument which has a\ndifferent type than the matching type in the function declaration.\n"},"level":"error","spans":[{"file_name":"/home/notlim_dev/.cargo/registry/src/index.crates.io-6f17d22bba15001f/lexical-core-0.6.2/src/atof/algorithm/bigcomp.rs","byte_start":5634,"byte_end":5649,"line_start":158,"line_end":158,"column_start":55,"column_end":70,"is_primary":true,"text":[{"text":"    let nlz = den.leading_zeros().wrapping_sub(wlz) & (u32::BITS - 1);","highlight_start":55,"highlight_end":70}],"label":"expected `usize`, found `u32`","suggested_replacement":null,"suggestion_applicability":null,"expansion":null}],"children":[],"rendered":"\u001b[0m\u001b[1m\u001b[38;5;9merror[E0308]\u001b[0m\u001b[0m\u001b[1m: mismatched types\u001b[0m\n\u001b[0m   \u001b[0m\u001b[0m\u001b[1m\u001b[38;5;12m--> \u001b[0m\u001b[0m/home/notlim_dev/.cargo/registry/src/index.crates.io-6f17d22bba15001f/lexical-core-0.6.2/src/atof/algorithm/bigcomp.rs:158:55\u001b[0m\n\u001b[0m    \u001b[0m\u001b[0m\u001b[1m\u001b[38;5;12m|\u001b[0m\n\u001b[0m\u001b[1m\u001b[38;5;12m158\u001b[0m\u001b[0m \u001b[0m\u001b[0m\u001b[1m\u001b[38;5;12m|\u001b[0m\u001b[0m \u001b[0m\u001b[0m    let nlz = den.leading_zeros().wrapping_sub(wlz) & (u32::BITS - 1);\u001b[0m\n\u001b[0m    \u001b[0m\u001b[0m\u001b[1m\u001b[38;5;12m|\u001b[0m\u001b[0m                                                       \u001b[0m\u001b[0m\u001b[1m\u001b[38;5;9m^^^^^^^^^^^^^^^\u001b[0m\u001b[0m \u001b[0m\u001b[0m\u001b[1m\u001b[38;5;9mexpected `usize`, found `u32`\u001b[0m\n\n"}
{"$message_type":"diagnostic","message":"no implementation for `usize & u32`","code":{"code":"E0277","explanation":"You tried to use a type which doesn't implement some trait in a place which\nexpected that trait.\n\nErroneous code example:\n\n```compile_fail,E0277\n// here we declare the Foo trait with a bar method\ntrait Foo {\n    fn bar(&self);\n}\n\n// we now declare a function which takes an object implementing the Foo trait\nfn some_func<T: Foo>(foo: T) {\n    foo.bar();\n}\n\nfn main() {\n    // we now call the method with the i32 type, which doesn't implement\n    // the Foo trait\n    some_func(5i32); // error: the trait bound `i32 : Foo` is not satisfied\n}\n```\n\nIn order to fix this error, verify that the type you're using does implement\nthe trait. Example:\n\n```\ntrait Foo {\n    fn bar(&self);\n}\n\n// we implement the trait on the i32 type\nimpl Foo for i32 {\n    fn bar(&self) {}\n}\n\nfn some_func<T: Foo>(foo: T) {\n    foo.bar(); // we can now use this method since i32 implements the\n               // Foo trait\n}\n\nfn main() {\n    some_func(5i32); // ok!\n}\n```\n\nOr in a generic context, an erroneous code example would look like:\n\n```compile_fail,E0277\nfn some_func<T>(foo: T) {\n    println!(\"{:?}\", foo); // error: the trait `core::fmt::Debug` is not\n                           //        implemented for the type `T`\n}\n\nfn main() {\n    // We now call the method with the i32 type,\n    // which *does* implement the Debug trait.\n    some_func(5i32);\n}\n```\n\nNote that the error here is in the definition of the generic function. Although\nwe only call it with a parameter that does implement `Debug`, the compiler\nstill rejects the function. It must work with all possible input types. In\norder to make this example compile, we need to restrict the generic type we're\naccepting:\n\n```\nuse std::fmt;\n\n// Restrict the input type to types that implement Debug.\nfn some_func<T: fmt::Debug>(foo: T) {\n    println!(\"{:?}\", foo);\n}\n\nfn main() {\n    // Calling the method is still fine, as i32 implements Debug.\n    some_func(5i32);\n\n    // This would fail to compile now:\n    // struct WithoutDebug;\n    // some_func(WithoutDebug);\n}\n```\n\nRust only looks at the signature of the called function, as such it must\nalready specify all requirements that will be used for every type parameter.\n"},"level":"error","spans":[{"file_name":"/home/notlim_dev/.cargo/registry/src/index.crates.io-6f17d22bba15001f/lexical-core-0.6.2/src/atof/algorithm/bigcomp.rs","byte_start":5632,"byte_end":5633,"line_start":158,"line_end":158,"column_start":53,"column_end":54,"is_primary":true,"text":[{"text":"    let nlz = den.leading_zeros().wrapping_sub(wlz) & (u32::BITS - 1);","highlight_start":53,"highlight_end":54}],"label":"no implementation for `usize & u32`","suggested_replacement":null,"suggestion_applicability":null,"expansion":null}],"children":[{"message":"the trait `BitAnd<u32>` is not implemented for `usize`","code":null,"level":"help","spans":[],"children":[],"rendered":null},{"message":"the following other types implement trait `BitAnd<Rhs>`:\n  `&'a usize` implements `BitAnd<usize>`\n  `&usize` implements `BitAnd<&usize>`\n  `usize` implements `BitAnd<&usize>`\n  `usize` implements `BitAnd`","code":null,"level":"help","spans":[],"children":[],"rendered":null}],"rendered":"\u001b[0m\u001b[1m\u001b[38;5;9merror[E0277]\u001b[0m\u001b[0m\u001b[1m: no implementation for `usize & u32`\u001b[0m\n\u001b[0m   \u001b[0m\u001b[0m\u001b[1m\u001b[38;5;12m--> \u001b[0m\u001b[0m/home/notlim_dev/.cargo/registry/src/index.crates.io-6f17d22bba15001f/lexical-core-0.6.2/src/atof/algorithm/bigcomp.rs:158:53\u001b[0m\n\u001b[0m    \u001b[0m\u001b[0m\u001b[1m\u001b[38;5;12m|\u001b[0m\n\u001b[0m\u001b[1m\u001b[38;5;12m158\u001b[0m\u001b[0m \u001b[0m\u001b[0m\u001b[1m\u001b[38;5;12m|\u001b[0m\u001b[0m \u001b[0m\u001b[0m    let nlz = den.leading_zeros().wrapping_sub(wlz) & (u32::BITS - 1);\u001b[0m\n\u001b[0m    \u001b[0m\u001b[0m\u001b[1m\u001b[38;5;12m|\u001b[0m\u001b[0m                                                     \u001b[0m\u001b[0m\u001b[1m\u001b[38;5;9m^\u001b[0m\u001b[0m \u001b[0m\u001b[0m\u001b[1m\u001b[38;5;9mno implementation for `usize & u32`\u001b[0m\n\u001b[0m    \u001b[0m\u001b[0m\u001b[1m\u001b[38;5;12m|\u001b[0m\n\u001b[0m    \u001b[0m\u001b[0m\u001b[1m\u001b[38;5;12m= \u001b[0m\u001b[0m\u001b[1mhelp\u001b[0m\u001b[0m: the trait `BitAnd<u32>` is not implemented for `usize`\u001b[0m\n\u001b[0m    \u001b[0m\u001b[0m\u001b[1m\u001b[38;5;12m= \u001b[0m\u001b[0m\u001b[1mhelp\u001b[0m\u001b[0m: the following other types implement trait `BitAnd<Rhs>`:\u001b[0m\n\u001b[0m              `&'a usize` implements `BitAnd<usize>`\u001b[0m\n\u001b[0m              `&usize` implements `BitAnd<&usize>`\u001b[0m\n\u001b[0m              `usize` implements `BitAnd<&usize>`\u001b[0m\n\u001b[0m              `usize` implements `BitAnd`\u001b[0m\n\n"}
{"$message_type":"diagnostic","message":"mismatched types","code":{"code":"E0308","explanation":"Expected type did not match the received type.\n\nErroneous code examples:\n\n```compile_fail,E0308\nfn plus_one(x: i32) -> i32 {\n    x + 1\n}\n\nplus_one(\"Not a number\");\n//       ^^^^^^^^^^^^^^ expected `i32`, found `&str`\n\nif \"Not a bool\" {\n// ^^^^^^^^^^^^ expected `bool`, found `&str`\n}\n\nlet x: f32 = \"Not a float\";\n//     ---   ^^^^^^^^^^^^^ expected `f32`, found `&str`\n//     |\n//     expected due to this\n```\n\nThis error occurs when an expression was used in a place where the compiler\nexpected an expression of a different type. It can occur in several cases, the\nmost common being when calling a function and passing an argument which has a\ndifferent type than the matching type in the function declaration.\n"},"level":"error","spans":[{"file_name":"/home/notlim_dev/.cargo/registry/src/index.crates.io-6f17d22bba15001f/lexical-core-0.6.2/src/atof/algorithm/bigcomp.rs","byte_start":6416,"byte_end":6426,"line_start":176,"line_end":176,"column_start":40,"column_end":50,"is_primary":true,"text":[{"text":"        let (q, r) = shift.ceil_divmod(Limb::BITS);","highlight_start":40,"highlight_end":50}],"label":"expected `usize`, found `u32`","suggested_replacement":null,"suggestion_applicability":null,"expansion":null},{"file_name":"/home/notlim_dev/.cargo/registry/src/index.crates.io-6f17d22bba15001f/lexical-core-0.6.2/src/atof/algorithm/bigcomp.rs","byte_start":6404,"byte_end":6415,"line_start":176,"line_end":176,"column_start":28,"column_end":39,"is_primary":false,"text":[{"text":"        let (q, r) = shift.ceil_divmod(Limb::BITS);","highlight_start":28,"highlight_end":39}],"label":"arguments to this method are incorrect","suggested_replacement":null,"suggestion_applicability":null,"expansion":null}],"children":[{"message":"the return type of this call is `u32` due to the type of the argument passed","code":null,"level":"help","spans":[{"file_name":"/home/notlim_dev/.cargo/registry/src/index.crates.io-6f17d22bba15001f/lexical-core-0.6.2/src/atof/algorithm/bigcomp.rs","byte_start":6416,"byte_end":6426,"line_start":176,"line_end":176,"column_start":40,"column_end":50,"is_primary":false,"text":[{"text":"        let (q, r) = shift.ceil_divmod(Limb::BITS);","highlight_start":40,"highlight_end":50}],"label":"this argument influences the return type of `ceil_divmod`","suggested_replacement":null,"suggestion_applicability":null,"expansion":null},{"file_name":"/home/notlim_dev/.cargo/registry/src/index.crates.io-6f17d22bba15001f/lexical-core-0.6.2/src/atof/algorithm/bigcomp.rs","byte_start":6398,"byte_end":6427,"line_start":176,"line_end":176,"column_start":22,"column_end":51,"is_primary":true,"text":[{"text":"        let (q, r) = shift.ceil_divmod(Limb::BITS);","highlight_start":22,"highlight_end":51}],"label":null,"suggested_replacement":null,"suggestion_applicability":null,"expansion":null}],"children":[],"rendered":null},{"message":"method defined here","code":null,"level":"note","spans":[{"file_name":"/home/notlim_dev/.cargo/registry/src/index.crates.io-6f17d22bba15001f/lexical-core-0.6.2/src/util/num.rs","byte_start":6179,"byte_end":6186,"line_start":209,"line_end":209,"column_start":26,"column_end":33,"is_primary":false,"text":[{"text":"    fn ceil_divmod(self, y: Self) -> (Self, i32) {","highlight_start":26,"highlight_end":33}],"label":"","suggested_replacement":null,"suggestion_applicability":null,"expansion":null},{"file_name":"/home/notlim_dev/.cargo/registry/src/index.crates.io-6f17d22bba15001f/lexical-core-0.6.2/src/util/num.rs","byte_start":6161,"byte_end":6172,"line_start":209,"line_end":209,"column_start":8,"column_end":19,"is_primary":true,"text":[{"text":"    fn ceil_divmod(self, y: Self) -> (Self, i32) {","highlight_start":8,"highlight_end":19}],"label":null,"suggested_replacement":null,"suggestion_applicability":null,"expansion":null}],"children":[],"rendered":null},{"message":"you can convert a `u32` to a `usize` and panic if the converted value doesn't fit","code":null,"level":"help","spans":[{"file_name":"/home/notlim_dev/.cargo/registry/src/index.crates.io-6f17d22bba15001f/lexical-core-0.6.2/src/atof/algorithm/bigcomp.rs","byte_start":6426,"byte_end":6426,"line_start":176,"line_end":176,"column_start":50,"column_end":50,"is_primary":true,"text":[{"text":"        let (q, r) = shift.ceil_divmod(Limb::BITS);","highlight_start":50,"highlight_end":50}],"label":null,"suggested_replacement":".try_into().unwrap()","suggestion_applicability":"MachineApplicable","expansion":null}],"children":[],"rendered":null}],"rendered":"\u001b[0m\u001b[1m\u001b[38;5;9merror[E0308]\u001b[0m\u001b[0m\u001b[1m: mismatched types\u001b[0m\n\u001b[0m   \u001b[0m\u001b[0m\u001b[1m\u001b[38;5;12m--> \u001b[0m\u001b[0m/home/notlim_dev/.cargo/registry/src/index.crates.io-6f17d22bba15001f/lexical-core-0.6.2/src/atof/algorithm/bigcomp.rs:176:40\u001b[0m\n\u001b[0m    \u001b[0m\u001b[0m\u001b[1m\u001b[38;5;12m|\u001b[0m\n\u001b[0m\u001b[1m\u001b[38;5;12m176\u001b[0m\u001b[0m \u001b[0m\u001b[0m\u001b[1m\u001b[38;5;12m|\u001b[0m\u001b[0m \u001b[0m\u001b[0m        let (q, r) = shift.ceil_divmod(Limb::BITS);\u001b[0m\n\u001b[0m    \u001b[0m\u001b[0m\u001b[1m\u001b[38;5;12m|\u001b[0m\u001b[0m                            \u001b[0m\u001b[0m\u001b[1m\u001b[38;5;12m-----------\u001b[0m\u001b[0m \u001b[0m\u001b[0m\u001b[1m\u001b[38;5;9m^^^^^^^^^^\u001b[0m\u001b[0m \u001b[0m\u001b[0m\u001b[1m\u001b[38;5;9mexpected `usize`, found `u32`\u001b[0m\n\u001b[0m    \u001b[0m\u001b[0m\u001b[1m\u001b[38;5;12m|\u001b[0m\u001b[0m                            \u001b[0m\u001b[0m\u001b[1m\u001b[38;5;12m|\u001b[0m\n\u001b[0m    \u001b[0m\u001b[0m\u001b[1m\u001b[38;5;12m|\u001b[0m\u001b[0m                            \u001b[0m\u001b[0m\u001b[1m\u001b[38;5;12marguments to this method are incorrect\u001b[0m\n\u001b[0m    \u001b[0m\u001b[0m\u001b[1m\u001b[38;5;12m|\u001b[0m\n\u001b[0m\u001b[1m\u001b[38;5;14mhelp\u001b[0m\u001b[0m: the return type of this call is `u32` due to the type of the argument passed\u001b[0m\n\u001b[0m   \u001b[0m\u001b[0m\u001b[1m\u001b[38;5;12m--> \u001b[0m\u001b[0m/home/notlim_dev/.cargo/registry/src/index.crates.io-6f17d22bba15001f/lexical-core-0.6.2/src/atof/algorithm/bigcomp.rs:176:22\u001b[0m\n\u001b[0m    \u001b[0m\u001b[0m\u001b[1m\u001b[38;5;12m|\u001b[0m\n\u001b[0m\u001b[1m\u001b[38;5;12m176\u001b[0m\u001b[0m \u001b[0m\u001b[0m\u001b[1m\u001b[38;5;12m|\u001b[0m\u001b[0m \u001b[0m\u001b[0m        let (q, r) = shift.ceil_divmod(Limb::BITS);\u001b[0m\n\u001b[0m    \u001b[0m\u001b[0m\u001b[1m\u001b[38;5;12m|\u001b[0m\u001b[0m                      \u001b[0m\u001b[0m\u001b[1m\u001b[38;5;14m^^^^^^^^^^^^^^^^^^\u001b[0m\u001b[0m\u001b[1m\u001b[38;5;12m----------\u001b[0m\u001b[0m\u001b[1m\u001b[38;5;14m^\u001b[0m\n\u001b[0m    \u001b[0m\u001b[0m\u001b[1m\u001b[38;5;12m|\u001b[0m\u001b[0m                                        \u001b[0m\u001b[0m\u001b[1m\u001b[38;5;12m|\u001b[0m\n\u001b[0m    \u001b[0m\u001b[0m\u001b[1m\u001b[38;5;12m|\u001b[0m\u001b[0m                                        \u001b[0m\u001b[0m\u001b[1m\u001b[38;5;12mthis argument influences the return type of `ceil_divmod`\u001b[0m\n\u001b[0m\u001b[1m\u001b[38;5;10mnote\u001b[0m\u001b[0m: method defined here\u001b[0m\n\u001b[0m   \u001b[0m\u001b[0m\u001b[1m\u001b[38;5;12m--> \u001b[0m\u001b[0m/home/notlim_dev/.cargo/registry/src/index.crates.io-6f17d22bba15001f/lexical-core-0.6.2/src/util/num.rs:209:8\u001b[0m\n\u001b[0m    \u001b[0m\u001b[0m\u001b[1m\u001b[38;5;12m|\u001b[0m\n\u001b[0m\u001b[1m\u001b[38;5;12m209\u001b[0m\u001b[0m \u001b[0m\u001b[0m\u001b[1m\u001b[38;5;12m|\u001b[0m\u001b[0m \u001b[0m\u001b[0m    fn ceil_divmod(self, y: Self) -> (Self, i32) {\u001b[0m\n\u001b[0m    \u001b[0m\u001b[0m\u001b[1m\u001b[38;5;12m|\u001b[0m\u001b[0m        \u001b[0m\u001b[0m\u001b[1m\u001b[38;5;10m^^^^^^^^^^^\u001b[0m\u001b[0m       \u001b[0m\u001b[0m\u001b[1m\u001b[38;5;12m-------\u001b[0m\n\u001b[0m\u001b[1m\u001b[38;5;14mhelp\u001b[0m\u001b[0m: you can convert a `u32` to a `usize` and panic if the converted value doesn't fit\u001b[0m\n\u001b[0m    \u001b[0m\u001b[0m\u001b[1m\u001b[38;5;12m|\u001b[0m\n\u001b[0m\u001b[1m\u001b[38;5;12m176\u001b[0m\u001b[0m \u001b[0m\u001b[0m\u001b[1m\u001b[38;5;12m| \u001b[0m\u001b[0m        let (q, r) = shift.ceil_divmod(Limb::BITS\u001b[0m\u001b[0m\u001b[38;5;10m.try_into().unwrap()\u001b[0m\u001b[0m);\u001b[0m\n\u001b[0m    \u001b[0m\u001b[0m\u001b[1m\u001b[38;5;12m|\u001b[0m\u001b[0m                                                  \u001b[0m\u001b[0m\u001b[38;5;10m++++++++++++++++++++\u001b[0m\n\n"}
{"$message_type":"diagnostic","message":"mismatched types","code":{"code":"E0308","explanation":"Expected type did not match the received type.\n\nErroneous code examples:\n\n```compile_fail,E0308\nfn plus_one(x: i32) -> i32 {\n    x + 1\n}\n\nplus_one(\"Not a number\");\n//       ^^^^^^^^^^^^^^ expected `i32`, found `&str`\n\nif \"Not a bool\" {\n// ^^^^^^^^^^^^ expected `bool`, found `&str`\n}\n\nlet x: f32 = \"Not a float\";\n//     ---   ^^^^^^^^^^^^^ expected `f32`, found `&str`\n//     |\n//     expected due to this\n```\n\nThis error occurs when an expression was used in a place where the compiler\nexpected an expression of a different type. It can occur in several cases, the\nmost common being when calling a function and passing an argument which has a\ndifferent type than the matching type in the function declaration.\n"},"level":"error","spans":[{"file_name":"/home/notlim_dev/.cargo/registry/src/index.crates.io-6f17d22bba15001f/lexical-core-0.6.2/src/atof/algorithm/math.rs","byte_start":27461,"byte_end":27471,"line_start":1049,"line_end":1049,"column_start":42,"column_end":52,"is_primary":true,"text":[{"text":"    let mut count = index.saturating_mul(Limb::BITS);","highlight_start":42,"highlight_end":52}],"label":"expected `usize`, found `u32`","suggested_replacement":null,"suggestion_applicability":null,"expansion":null},{"file_name":"/home/notlim_dev/.cargo/registry/src/index.crates.io-6f17d22bba15001f/lexical-core-0.6.2/src/atof/algorithm/math.rs","byte_start":27446,"byte_end":27460,"line_start":1049,"line_end":1049,"column_start":27,"column_end":41,"is_primary":false,"text":[{"text":"    let mut count = index.saturating_mul(Limb::BITS);","highlight_start":27,"highlight_end":41}],"label":"arguments to this method are incorrect","suggested_replacement":null,"suggestion_applicability":null,"expansion":null}],"children":[{"message":"method defined here","code":null,"level":"note","spans":[{"file_name":"/rustc/eeb90cda1969383f56a2637cbd3037bdf598841c/library/core/src/num/uint_macros.rs","byte_start":65783,"byte_end":65797,"line_start":1686,"line_end":1686,"column_start":22,"column_end":36,"is_primary":true,"text":[],"label":null,"suggested_replacement":null,"suggestion_applicability":null,"expansion":{"span":{"file_name":"/rustc/eeb90cda1969383f56a2637cbd3037bdf598841c/library/core/src/num/mod.rs","byte_start":41560,"byte_end":42223,"line_start":1262,"line_end":1279,"column_start":5,"column_end":6,"is_primary":false,"text":[],"label":null,"suggested_replacement":null,"suggestion_applicability":null,"expansion":null},"macro_decl_name":"uint_impl!","def_site_span":{"file_name":"/rustc/eeb90cda1969383f56a2637cbd3037bdf598841c/library/core/src/num/uint_macros.rs","byte_start":0,"byte_end":124913,"line_start":1,"line_end":3083,"column_start":1,"column_end":2,"is_primary":false,"text":[],"label":null,"suggested_replacement":null,"suggestion_applicability":null,"expansion":null}}}],"children":[],"rendered":null},{"message":"you can convert a `u32` to a `usize` and panic if the converted value doesn't fit","code":null,"level":"help","spans":[{"file_name":"/home/notlim_dev/.cargo/registry/src/index.crates.io-6f17d22bba15001f/lexical-core-0.6.2/src/atof/algorithm/math.rs","byte_start":27471,"byte_end":27471,"line_start":1049,"line_end":1049,"column_start":52,"column_end":52,"is_primary":true,"text":[{"text":"    let mut count = index.saturating_mul(Limb::BITS);","highlight_start":52,"highlight_end":52}],"label":null,"suggested_replacement":".try_into().unwrap()","suggestion_applicability":"MachineApplicable","expansion":null}],"children":[],"rendered":null}],"rendered":"\u001b[0m\u001b[1m\u001b[38;5;9merror[E0308]\u001b[0m\u001b[0m\u001b[1m: mismatched types\u001b[0m\n\u001b[0m    \u001b[0m\u001b[0m\u001b[1m\u001b[38;5;12m--> \u001b[0m\u001b[0m/home/notlim_dev/.cargo/registry/src/index.crates.io-6f17d22bba15001f/lexical-core-0.6.2/src/atof/algorithm/math.rs:1049:42\u001b[0m\n\u001b[0m     \u001b[0m\u001b[0m\u001b[1m\u001b[38;5;12m|\u001b[0m\n\u001b[0m\u001b[1m\u001b[38;5;12m1049\u001b[0m\u001b[0m \u001b[0m\u001b[0m\u001b[1m\u001b[38;5;12m|\u001b[0m\u001b[0m \u001b[0m\u001b[0m    let mut count = index.saturating_mul(Limb::BITS);\u001b[0m\n\u001b[0m     \u001b[0m\u001b[0m\u001b[1m\u001b[38;5;12m|\u001b[0m\u001b[0m                           \u001b[0m\u001b[0m\u001b[1m\u001b[38;5;12m--------------\u001b[0m\u001b[0m \u001b[0m\u001b[0m\u001b[1m\u001b[38;5;9m^^^^^^^^^^\u001b[0m\u001b[0m \u001b[0m\u001b[0m\u001b[1m\u001b[38;5;9mexpected `usize`, found `u32`\u001b[0m\n\u001b[0m     \u001b[0m\u001b[0m\u001b[1m\u001b[38;5;12m|\u001b[0m\u001b[0m                           \u001b[0m\u001b[0m\u001b[1m\u001b[38;5;12m|\u001b[0m\n\u001b[0m     \u001b[0m\u001b[0m\u001b[1m\u001b[38;5;12m|\u001b[0m\u001b[0m                           \u001b[0m\u001b[0m\u001b[1m\u001b[38;5;12marguments to this method are incorrect\u001b[0m\n\u001b[0m     \u001b[0m\u001b[0m\u001b[1m\u001b[38;5;12m|\u001b[0m\n\u001b[0m\u001b[1m\u001b[38;5;10mnote\u001b[0m\u001b[0m: method defined here\u001b[0m\n\u001b[0m    \u001b[0m\u001b[0m\u001b[1m\u001b[38;5;12m--> \u001b[0m\u001b[0m/rustc/eeb90cda1969383f56a2637cbd3037bdf598841c/library/core/src/num/mod.rs:1262:5\u001b[0m\n\u001b[0m     \u001b[0m\u001b[0m\u001b[1m\u001b[38;5;12m= \u001b[0m\u001b[0m\u001b[1mnote\u001b[0m\u001b[0m: this error originates in the macro `uint_impl` (in Nightly builds, run with -Z macro-backtrace for more info)\u001b[0m\n\u001b[0m\u001b[1m\u001b[38;5;14mhelp\u001b[0m\u001b[0m: you can convert a `u32` to a `usize` and panic if the converted value doesn't fit\u001b[0m\n\u001b[0m     \u001b[0m\u001b[0m\u001b[1m\u001b[38;5;12m|\u001b[0m\n\u001b[0m\u001b[1m\u001b[38;5;12m1049\u001b[0m\u001b[0m \u001b[0m\u001b[0m\u001b[1m\u001b[38;5;12m| \u001b[0m\u001b[0m    let mut count = index.saturating_mul(Limb::BITS\u001b[0m\u001b[0m\u001b[38;5;10m.try_into().unwrap()\u001b[0m\u001b[0m);\u001b[0m\n\u001b[0m     \u001b[0m\u001b[0m\u001b[1m\u001b[38;5;12m|\u001b[0m\u001b[0m                                                    \u001b[0m\u001b[0m\u001b[38;5;10m++++++++++++++++++++\u001b[0m\n\n"}
{"$message_type":"diagnostic","message":"mismatched types","code":{"code":"E0308","explanation":"Expected type did not match the received type.\n\nErroneous code examples:\n\n```compile_fail,E0308\nfn plus_one(x: i32) -> i32 {\n    x + 1\n}\n\nplus_one(\"Not a number\");\n//       ^^^^^^^^^^^^^^ expected `i32`, found `&str`\n\nif \"Not a bool\" {\n// ^^^^^^^^^^^^ expected `bool`, found `&str`\n}\n\nlet x: f32 = \"Not a float\";\n//     ---   ^^^^^^^^^^^^^ expected `f32`, found `&str`\n//     |\n//     expected due to this\n```\n\nThis error occurs when an expression was used in a place where the compiler\nexpected an expression of a different type. It can occur in several cases, the\nmost common being when calling a function and passing an argument which has a\ndifferent type than the matching type in the function declaration.\n"},"level":"error","spans":[{"file_name":"/home/notlim_dev/.cargo/registry/src/index.crates.io-6f17d22bba15001f/lexical-core-0.6.2/src/atof/algorithm/math.rs","byte_start":27883,"byte_end":27890,"line_start":1064,"line_end":1064,"column_start":28,"column_end":35,"is_primary":true,"text":[{"text":"    Limb::BITS.checked_mul(x.len())","highlight_start":28,"highlight_end":35}],"label":"expected `u32`, found `usize`","suggested_replacement":null,"suggestion_applicability":null,"expansion":null},{"file_name":"/home/notlim_dev/.cargo/registry/src/index.crates.io-6f17d22bba15001f/lexical-core-0.6.2/src/atof/algorithm/math.rs","byte_start":27871,"byte_end":27882,"line_start":1064,"line_end":1064,"column_start":16,"column_end":27,"is_primary":false,"text":[{"text":"    Limb::BITS.checked_mul(x.len())","highlight_start":16,"highlight_end":27}],"label":"arguments to this method are incorrect","suggested_replacement":null,"suggestion_applicability":null,"expansion":null}],"children":[{"message":"method defined here","code":null,"level":"note","spans":[{"file_name":"/rustc/eeb90cda1969383f56a2637cbd3037bdf598841c/library/core/src/num/uint_macros.rs","byte_start":28996,"byte_end":29007,"line_start":755,"line_end":755,"column_start":22,"column_end":33,"is_primary":true,"text":[],"label":null,"suggested_replacement":null,"suggestion_applicability":null,"expansion":{"span":{"file_name":"/rustc/eeb90cda1969383f56a2637cbd3037bdf598841c/library/core/src/num/mod.rs","byte_start":37986,"byte_end":38476,"line_start":1143,"line_end":1160,"column_start":5,"column_end":6,"is_primary":false,"text":[],"label":null,"suggested_replacement":null,"suggestion_applicability":null,"expansion":null},"macro_decl_name":"uint_impl!","def_site_span":{"file_name":"/rustc/eeb90cda1969383f56a2637cbd3037bdf598841c/library/core/src/num/uint_macros.rs","byte_start":0,"byte_end":124913,"line_start":1,"line_end":3083,"column_start":1,"column_end":2,"is_primary":false,"text":[],"label":null,"suggested_replacement":null,"suggestion_applicability":null,"expansion":null}}}],"children":[],"rendered":null},{"message":"you can convert a `usize` to a `u32` and panic if the converted value doesn't fit","code":null,"level":"help","spans":[{"file_name":"/home/notlim_dev/.cargo/registry/src/index.crates.io-6f17d22bba15001f/lexical-core-0.6.2/src/atof/algorithm/math.rs","byte_start":27890,"byte_end":27890,"line_start":1064,"line_end":1064,"column_start":35,"column_end":35,"is_primary":true,"text":[{"text":"    Limb::BITS.checked_mul(x.len())","highlight_start":35,"highlight_end":35}],"label":null,"suggested_replacement":".try_into().unwrap()","suggestion_applicability":"MachineApplicable","expansion":null}],"children":[],"rendered":null}],"rendered":"\u001b[0m\u001b[1m\u001b[38;5;9merror[E0308]\u001b[0m\u001b[0m\u001b[1m: mismatched types\u001b[0m\n\u001b[0m    \u001b[0m\u001b[0m\u001b[1m\u001b[38;5;12m--> \u001b[0m\u001b[0m/home/notlim_dev/.cargo/registry/src/index.crates.io-6f17d22bba15001f/lexical-core-0.6.2/src/atof/algorithm/math.rs:1064:28\u001b[0m\n\u001b[0m     \u001b[0m\u001b[0m\u001b[1m\u001b[38;5;12m|\u001b[0m\n\u001b[0m\u001b[1m\u001b[38;5;12m1064\u001b[0m\u001b[0m \u001b[0m\u001b[0m\u001b[1m\u001b[38;5;12m|\u001b[0m\u001b[0m \u001b[0m\u001b[0m    Limb::BITS.checked_mul(x.len())\u001b[0m\n\u001b[0m     \u001b[0m\u001b[0m\u001b[1m\u001b[38;5;12m|\u001b[0m\u001b[0m                \u001b[0m\u001b[0m\u001b[1m\u001b[38;5;12m-----------\u001b[0m\u001b[0m \u001b[0m\u001b[0m\u001b[1m\u001b[38;5;9m^^^^^^^\u001b[0m\u001b[0m \u001b[0m\u001b[0m\u001b[1m\u001b[38;5;9mexpected `u32`, found `usize`\u001b[0m\n\u001b[0m     \u001b[0m\u001b[0m\u001b[1m\u001b[38;5;12m|\u001b[0m\u001b[0m                \u001b[0m\u001b[0m\u001b[1m\u001b[38;5;12m|\u001b[0m\n\u001b[0m     \u001b[0m\u001b[0m\u001b[1m\u001b[38;5;12m|\u001b[0m\u001b[0m                \u001b[0m\u001b[0m\u001b[1m\u001b[38;5;12marguments to this method are incorrect\u001b[0m\n\u001b[0m     \u001b[0m\u001b[0m\u001b[1m\u001b[38;5;12m|\u001b[0m\n\u001b[0m\u001b[1m\u001b[38;5;10mnote\u001b[0m\u001b[0m: method defined here\u001b[0m\n\u001b[0m    \u001b[0m\u001b[0m\u001b[1m\u001b[38;5;12m--> \u001b[0m\u001b[0m/rustc/eeb90cda1969383f56a2637cbd3037bdf598841c/library/core/src/num/mod.rs:1143:5\u001b[0m\n\u001b[0m     \u001b[0m\u001b[0m\u001b[1m\u001b[38;5;12m= \u001b[0m\u001b[0m\u001b[1mnote\u001b[0m\u001b[0m: this error originates in the macro `uint_impl` (in Nightly builds, run with -Z macro-backtrace for more info)\u001b[0m\n\u001b[0m\u001b[1m\u001b[38;5;14mhelp\u001b[0m\u001b[0m: you can convert a `usize` to a `u32` and panic if the converted value doesn't fit\u001b[0m\n\u001b[0m     \u001b[0m\u001b[0m\u001b[1m\u001b[38;5;12m|\u001b[0m\n\u001b[0m\u001b[1m\u001b[38;5;12m1064\u001b[0m\u001b[0m \u001b[0m\u001b[0m\u001b[1m\u001b[38;5;12m| \u001b[0m\u001b[0m    Limb::BITS.checked_mul(x.len()\u001b[0m\u001b[0m\u001b[38;5;10m.try_into().unwrap()\u001b[0m\u001b[0m)\u001b[0m\n\u001b[0m     \u001b[0m\u001b[0m\u001b[1m\u001b[38;5;12m|\u001b[0m\u001b[0m                                   \u001b[0m\u001b[0m\u001b[38;5;10m++++++++++++++++++++\u001b[0m\n\n"}
{"$message_type":"diagnostic","message":"mismatched types","code":{"code":"E0308","explanation":"Expected type did not match the received type.\n\nErroneous code examples:\n\n```compile_fail,E0308\nfn plus_one(x: i32) -> i32 {\n    x + 1\n}\n\nplus_one(\"Not a number\");\n//       ^^^^^^^^^^^^^^ expected `i32`, found `&str`\n\nif \"Not a bool\" {\n// ^^^^^^^^^^^^ expected `bool`, found `&str`\n}\n\nlet x: f32 = \"Not a float\";\n//     ---   ^^^^^^^^^^^^^ expected `f32`, found `&str`\n//     |\n//     expected due to this\n```\n\nThis error occurs when an expression was used in a place where the compiler\nexpected an expression of a different type. It can occur in several cases, the\nmost common being when calling a function and passing an argument which has a\ndifferent type than the matching type in the function declaration.\n"},"level":"error","spans":[{"file_name":"/home/notlim_dev/.cargo/registry/src/index.crates.io-6f17d22bba15001f/lexical-core-0.6.2/src/atof/algorithm/math.rs","byte_start":27913,"byte_end":27916,"line_start":1065,"line_end":1065,"column_start":22,"column_end":25,"is_primary":true,"text":[{"text":"        .map(|v| v - nlz)","highlight_start":22,"highlight_end":25}],"label":"expected `u32`, found `usize`","suggested_replacement":null,"suggestion_applicability":null,"expansion":null}],"children":[],"rendered":"\u001b[0m\u001b[1m\u001b[38;5;9merror[E0308]\u001b[0m\u001b[0m\u001b[1m: mismatched types\u001b[0m\n\u001b[0m    \u001b[0m\u001b[0m\u001b[1m\u001b[38;5;12m--> \u001b[0m\u001b[0m/home/notlim_dev/.cargo/registry/src/index.crates.io-6f17d22bba15001f/lexical-core-0.6.2/src/atof/algorithm/math.rs:1065:22\u001b[0m\n\u001b[0m     \u001b[0m\u001b[0m\u001b[1m\u001b[38;5;12m|\u001b[0m\n\u001b[0m\u001b[1m\u001b[38;5;12m1065\u001b[0m\u001b[0m \u001b[0m\u001b[0m\u001b[1m\u001b[38;5;12m|\u001b[0m\u001b[0m \u001b[0m\u001b[0m        .map(|v| v - nlz)\u001b[0m\n\u001b[0m     \u001b[0m\u001b[0m\u001b[1m\u001b[38;5;12m|\u001b[0m\u001b[0m                      \u001b[0m\u001b[0m\u001b[1m\u001b[38;5;9m^^^\u001b[0m\u001b[0m \u001b[0m\u001b[0m\u001b[1m\u001b[38;5;9mexpected `u32`, found `usize`\u001b[0m\n\n"}
{"$message_type":"diagnostic","message":"cannot subtract `usize` from `u32`","code":{"code":"E0277","explanation":"You tried to use a type which doesn't implement some trait in a place which\nexpected that trait.\n\nErroneous code example:\n\n```compile_fail,E0277\n// here we declare the Foo trait with a bar method\ntrait Foo {\n    fn bar(&self);\n}\n\n// we now declare a function which takes an object implementing the Foo trait\nfn some_func<T: Foo>(foo: T) {\n    foo.bar();\n}\n\nfn main() {\n    // we now call the method with the i32 type, which doesn't implement\n    // the Foo trait\n    some_func(5i32); // error: the trait bound `i32 : Foo` is not satisfied\n}\n```\n\nIn order to fix this error, verify that the type you're using does implement\nthe trait. Example:\n\n```\ntrait Foo {\n    fn bar(&self);\n}\n\n// we implement the trait on the i32 type\nimpl Foo for i32 {\n    fn bar(&self) {}\n}\n\nfn some_func<T: Foo>(foo: T) {\n    foo.bar(); // we can now use this method since i32 implements the\n               // Foo trait\n}\n\nfn main() {\n    some_func(5i32); // ok!\n}\n```\n\nOr in a generic context, an erroneous code example would look like:\n\n```compile_fail,E0277\nfn some_func<T>(foo: T) {\n    println!(\"{:?}\", foo); // error: the trait `core::fmt::Debug` is not\n                           //        implemented for the type `T`\n}\n\nfn main() {\n    // We now call the method with the i32 type,\n    // which *does* implement the Debug trait.\n    some_func(5i32);\n}\n```\n\nNote that the error here is in the definition of the generic function. Although\nwe only call it with a parameter that does implement `Debug`, the compiler\nstill rejects the function. It must work with all possible input types. In\norder to make this example compile, we need to restrict the generic type we're\naccepting:\n\n```\nuse std::fmt;\n\n// Restrict the input type to types that implement Debug.\nfn some_func<T: fmt::Debug>(foo: T) {\n    println!(\"{:?}\", foo);\n}\n\nfn main() {\n    // Calling the method is still fine, as i32 implements Debug.\n    some_func(5i32);\n\n    // This would fail to compile now:\n    // struct WithoutDebug;\n    // some_func(WithoutDebug);\n}\n```\n\nRust only looks at the signature of the called function, as such it must\nalready specify all requirements that will be used for every type parameter.\n"},"level":"error","spans":[{"file_name":"/home/notlim_dev/.cargo/registry/src/index.crates.io-6f17d22bba15001f/lexical-core-0.6.2/src/atof/algorithm/math.rs","byte_start":27911,"byte_end":27912,"line_start":1065,"line_end":1065,"column_start":20,"column_end":21,"is_primary":true,"text":[{"text":"        .map(|v| v - nlz)","highlight_start":20,"highlight_end":21}],"label":"no implementation for `u32 - usize`","suggested_replacement":null,"suggestion_applicability":null,"expansion":null}],"children":[{"message":"the trait `Sub<usize>` is not implemented for `u32`","code":null,"level":"help","spans":[],"children":[],"rendered":null},{"message":"the following other types implement trait `Sub<Rhs>`:\n  `&'a u32` implements `Sub<u32>`\n  `&u32` implements `Sub<&u32>`\n  `u32` implements `Sub<&u32>`\n  `u32` implements `Sub`","code":null,"level":"help","spans":[],"children":[],"rendered":null}],"rendered":"\u001b[0m\u001b[1m\u001b[38;5;9merror[E0277]\u001b[0m\u001b[0m\u001b[1m: cannot subtract `usize` from `u32`\u001b[0m\n\u001b[0m    \u001b[0m\u001b[0m\u001b[1m\u001b[38;5;12m--> \u001b[0m\u001b[0m/home/notlim_dev/.cargo/registry/src/index.crates.io-6f17d22bba15001f/lexical-core-0.6.2/src/atof/algorithm/math.rs:1065:20\u001b[0m\n\u001b[0m     \u001b[0m\u001b[0m\u001b[1m\u001b[38;5;12m|\u001b[0m\n\u001b[0m\u001b[1m\u001b[38;5;12m1065\u001b[0m\u001b[0m \u001b[0m\u001b[0m\u001b[1m\u001b[38;5;12m|\u001b[0m\u001b[0m \u001b[0m\u001b[0m        .map(|v| v - nlz)\u001b[0m\n\u001b[0m     \u001b[0m\u001b[0m\u001b[1m\u001b[38;5;12m|\u001b[0m\u001b[0m                    \u001b[0m\u001b[0m\u001b[1m\u001b[38;5;9m^\u001b[0m\u001b[0m \u001b[0m\u001b[0m\u001b[1m\u001b[38;5;9mno implementation for `u32 - usize`\u001b[0m\n\u001b[0m     \u001b[0m\u001b[0m\u001b[1m\u001b[38;5;12m|\u001b[0m\n\u001b[0m     \u001b[0m\u001b[0m\u001b[1m\u001b[38;5;12m= \u001b[0m\u001b[0m\u001b[1mhelp\u001b[0m\u001b[0m: the trait `Sub<usize>` is not implemented for `u32`\u001b[0m\n\u001b[0m     \u001b[0m\u001b[0m\u001b[1m\u001b[38;5;12m= \u001b[0m\u001b[0m\u001b[1mhelp\u001b[0m\u001b[0m: the following other types implement trait `Sub<Rhs>`:\u001b[0m\n\u001b[0m               `&'a u32` implements `Sub<u32>`\u001b[0m\n\u001b[0m               `&u32` implements `Sub<&u32>`\u001b[0m\n\u001b[0m               `u32` implements `Sub<&u32>`\u001b[0m\n\u001b[0m               `u32` implements `Sub`\u001b[0m\n\n"}
{"$message_type":"diagnostic","message":"mismatched types","code":{"code":"E0308","explanation":"Expected type did not match the received type.\n\nErroneous code examples:\n\n```compile_fail,E0308\nfn plus_one(x: i32) -> i32 {\n    x + 1\n}\n\nplus_one(\"Not a number\");\n//       ^^^^^^^^^^^^^^ expected `i32`, found `&str`\n\nif \"Not a bool\" {\n// ^^^^^^^^^^^^ expected `bool`, found `&str`\n}\n\nlet x: f32 = \"Not a float\";\n//     ---   ^^^^^^^^^^^^^ expected `f32`, found `&str`\n//     |\n//     expected due to this\n```\n\nThis error occurs when an expression was used in a place where the compiler\nexpected an expression of a different type. It can occur in several cases, the\nmost common being when calling a function and passing an argument which has a\ndifferent type than the matching type in the function declaration.\n"},"level":"error","spans":[{"file_name":"/home/notlim_dev/.cargo/registry/src/index.crates.io-6f17d22bba15001f/lexical-core-0.6.2/src/atof/algorithm/math.rs","byte_start":27937,"byte_end":27955,"line_start":1066,"line_end":1066,"column_start":20,"column_end":38,"is_primary":true,"text":[{"text":"        .unwrap_or(usize::max_value())","highlight_start":20,"highlight_end":38}],"label":"expected `u32`, found `usize`","suggested_replacement":null,"suggestion_applicability":null,"expansion":null},{"file_name":"/home/notlim_dev/.cargo/registry/src/index.crates.io-6f17d22bba15001f/lexical-core-0.6.2/src/atof/algorithm/math.rs","byte_start":27927,"byte_end":27936,"line_start":1066,"line_end":1066,"column_start":10,"column_end":19,"is_primary":false,"text":[{"text":"        .unwrap_or(usize::max_value())","highlight_start":10,"highlight_end":19}],"label":"arguments to this method are incorrect","suggested_replacement":null,"suggestion_applicability":null,"expansion":null}],"children":[{"message":"the return type of this call is `usize` due to the type of the argument passed","code":null,"level":"help","spans":[{"file_name":"/home/notlim_dev/.cargo/registry/src/index.crates.io-6f17d22bba15001f/lexical-core-0.6.2/src/atof/algorithm/math.rs","byte_start":27937,"byte_end":27955,"line_start":1066,"line_end":1066,"column_start":20,"column_end":38,"is_primary":false,"text":[{"text":"        .unwrap_or(usize::max_value())","highlight_start":20,"highlight_end":38}],"label":"this argument influences the return type of `unwrap_or`","suggested_replacement":null,"suggestion_applicability":null,"expansion":null},{"file_name":"/home/notlim_dev/.cargo/registry/src/index.crates.io-6f17d22bba15001f/lexical-core-0.6.2/src/atof/algorithm/math.rs","byte_start":27860,"byte_end":27956,"line_start":1064,"line_end":1066,"column_start":5,"column_end":39,"is_primary":true,"text":[{"text":"    Limb::BITS.checked_mul(x.len())","highlight_start":5,"highlight_end":36},{"text":"        .map(|v| v - nlz)","highlight_start":1,"highlight_end":26},{"text":"        .unwrap_or(usize::max_value())","highlight_start":1,"highlight_end":39}],"label":null,"suggested_replacement":null,"suggestion_applicability":null,"expansion":null}],"children":[],"rendered":null},{"message":"method defined here","code":null,"level":"note","spans":[{"file_name":"/rustc/eeb90cda1969383f56a2637cbd3037bdf598841c/library/core/src/option.rs","byte_start":37223,"byte_end":37232,"line_start":990,"line_end":990,"column_start":12,"column_end":21,"is_primary":true,"text":[],"label":null,"suggested_replacement":null,"suggestion_applicability":null,"expansion":null}],"children":[],"rendered":null},{"message":"you can convert a `usize` to a `u32` and panic if the converted value doesn't fit","code":null,"level":"help","spans":[{"file_name":"/home/notlim_dev/.cargo/registry/src/index.crates.io-6f17d22bba15001f/lexical-core-0.6.2/src/atof/algorithm/math.rs","byte_start":27955,"byte_end":27955,"line_start":1066,"line_end":1066,"column_start":38,"column_end":38,"is_primary":true,"text":[{"text":"        .unwrap_or(usize::max_value())","highlight_start":38,"highlight_end":38}],"label":null,"suggested_replacement":".try_into().unwrap()","suggestion_applicability":"MachineApplicable","expansion":null}],"children":[],"rendered":null}],"rendered":"\u001b[0m\u001b[1m\u001b[38;5;9merror[E0308]\u001b[0m\u001b[0m\u001b[1m: mismatched types\u001b[0m\n\u001b[0m    \u001b[0m\u001b[0m\u001b[1m\u001b[38;5;12m--> \u001b[0m\u001b[0m/home/notlim_dev/.cargo/registry/src/index.crates.io-6f17d22bba15001f/lexical-core-0.6.2/src/atof/algorithm/math.rs:1066:20\u001b[0m\n\u001b[0m     \u001b[0m\u001b[0m\u001b[1m\u001b[38;5;12m|\u001b[0m\n\u001b[0m\u001b[1m\u001b[38;5;12m1066\u001b[0m\u001b[0m \u001b[0m\u001b[0m\u001b[1m\u001b[38;5;12m|\u001b[0m\u001b[0m \u001b[0m\u001b[0m        .unwrap_or(usize::max_value())\u001b[0m\n\u001b[0m     \u001b[0m\u001b[0m\u001b[1m\u001b[38;5;12m|\u001b[0m\u001b[0m          \u001b[0m\u001b[0m\u001b[1m\u001b[38;5;12m---------\u001b[0m\u001b[0m \u001b[0m\u001b[0m\u001b[1m\u001b[38;5;9m^^^^^^^^^^^^^^^^^^\u001b[0m\u001b[0m \u001b[0m\u001b[0m\u001b[1m\u001b[38;5;9mexpected `u32`, found `usize`\u001b[0m\n\u001b[0m     \u001b[0m\u001b[0m\u001b[1m\u001b[38;5;12m|\u001b[0m\u001b[0m          \u001b[0m\u001b[0m\u001b[1m\u001b[38;5;12m|\u001b[0m\n\u001b[0m     \u001b[0m\u001b[0m\u001b[1m\u001b[38;5;12m|\u001b[0m\u001b[0m          \u001b[0m\u001b[0m\u001b[1m\u001b[38;5;12marguments to this method are incorrect\u001b[0m\n\u001b[0m     \u001b[0m\u001b[0m\u001b[1m\u001b[38;5;12m|\u001b[0m\n\u001b[0m\u001b[1m\u001b[38;5;14mhelp\u001b[0m\u001b[0m: the return type of this call is `usize` due to the type of the argument passed\u001b[0m\n\u001b[0m    \u001b[0m\u001b[0m\u001b[1m\u001b[38;5;12m--> \u001b[0m\u001b[0m/home/notlim_dev/.cargo/registry/src/index.crates.io-6f17d22bba15001f/lexical-core-0.6.2/src/atof/algorithm/math.rs:1064:5\u001b[0m\n\u001b[0m     \u001b[0m\u001b[0m\u001b[1m\u001b[38;5;12m|\u001b[0m\n\u001b[0m\u001b[1m\u001b[38;5;12m1064\u001b[0m\u001b[0m \u001b[0m\u001b[0m\u001b[1m\u001b[38;5;12m|\u001b[0m\u001b[0m \u001b[0m\u001b[0m\u001b[1m\u001b[38;5;14m/\u001b[0m\u001b[0m \u001b[0m\u001b[0m    Limb::BITS.checked_mul(x.len())\u001b[0m\n\u001b[0m\u001b[1m\u001b[38;5;12m1065\u001b[0m\u001b[0m \u001b[0m\u001b[0m\u001b[1m\u001b[38;5;12m|\u001b[0m\u001b[0m \u001b[0m\u001b[0m\u001b[1m\u001b[38;5;14m|\u001b[0m\u001b[0m \u001b[0m\u001b[0m        .map(|v| v - nlz)\u001b[0m\n\u001b[0m\u001b[1m\u001b[38;5;12m1066\u001b[0m\u001b[0m \u001b[0m\u001b[0m\u001b[1m\u001b[38;5;12m|\u001b[0m\u001b[0m \u001b[0m\u001b[0m\u001b[1m\u001b[38;5;14m|\u001b[0m\u001b[0m \u001b[0m\u001b[0m        .unwrap_or(usize::max_value())\u001b[0m\n\u001b[0m     \u001b[0m\u001b[0m\u001b[1m\u001b[38;5;12m|\u001b[0m\u001b[0m \u001b[0m\u001b[0m\u001b[1m\u001b[38;5;14m|____________________\u001b[0m\u001b[0m\u001b[1m\u001b[38;5;12m------------------\u001b[0m\u001b[0m\u001b[1m\u001b[38;5;14m^\u001b[0m\n\u001b[0m     \u001b[0m\u001b[0m\u001b[1m\u001b[38;5;12m|\u001b[0m\u001b[0m                      \u001b[0m\u001b[0m\u001b[1m\u001b[38;5;12m|\u001b[0m\n\u001b[0m     \u001b[0m\u001b[0m\u001b[1m\u001b[38;5;12m|\u001b[0m\u001b[0m                      \u001b[0m\u001b[0m\u001b[1m\u001b[38;5;12mthis argument influences the return type of `unwrap_or`\u001b[0m\n\u001b[0m\u001b[1m\u001b[38;5;10mnote\u001b[0m\u001b[0m: method defined here\u001b[0m\n\u001b[0m    \u001b[0m\u001b[0m\u001b[1m\u001b[38;5;12m--> \u001b[0m\u001b[0m/rustc/eeb90cda1969383f56a2637cbd3037bdf598841c/library/core/src/option.rs:990:12\u001b[0m\n\u001b[0m\u001b[1m\u001b[38;5;14mhelp\u001b[0m\u001b[0m: you can convert a `usize` to a `u32` and panic if the converted value doesn't fit\u001b[0m\n\u001b[0m     \u001b[0m\u001b[0m\u001b[1m\u001b[38;5;12m|\u001b[0m\n\u001b[0m\u001b[1m\u001b[38;5;12m1066\u001b[0m\u001b[0m \u001b[0m\u001b[0m\u001b[1m\u001b[38;5;12m| \u001b[0m\u001b[0m        .unwrap_or(usize::max_value()\u001b[0m\u001b[0m\u001b[38;5;10m.try_into().unwrap()\u001b[0m\u001b[0m)\u001b[0m\n\u001b[0m     \u001b[0m\u001b[0m\u001b[1m\u001b[38;5;12m|\u001b[0m\u001b[0m                                      \u001b[0m\u001b[0m\u001b[38;5;10m++++++++++++++++++++\u001b[0m\n\n"}
{"$message_type":"diagnostic","message":"mismatched types","code":{"code":"E0308","explanation":"Expected type did not match the received type.\n\nErroneous code examples:\n\n```compile_fail,E0308\nfn plus_one(x: i32) -> i32 {\n    x + 1\n}\n\nplus_one(\"Not a number\");\n//       ^^^^^^^^^^^^^^ expected `i32`, found `&str`\n\nif \"Not a bool\" {\n// ^^^^^^^^^^^^ expected `bool`, found `&str`\n}\n\nlet x: f32 = \"Not a float\";\n//     ---   ^^^^^^^^^^^^^ expected `f32`, found `&str`\n//     |\n//     expected due to this\n```\n\nThis error occurs when an expression was used in a place where the compiler\nexpected an expression of a different type. It can occur in several cases, the\nmost common being when calling a function and passing an argument which has a\ndifferent type than the matching type in the function declaration.\n"},"level":"error","spans":[{"file_name":"/home/notlim_dev/.cargo/registry/src/index.crates.io-6f17d22bba15001f/lexical-core-0.6.2/src/atof/algorithm/math.rs","byte_start":27860,"byte_end":27956,"line_start":1064,"line_end":1066,"column_start":5,"column_end":39,"is_primary":true,"text":[{"text":"    Limb::BITS.checked_mul(x.len())","highlight_start":5,"highlight_end":36},{"text":"        .map(|v| v - nlz)","highlight_start":1,"highlight_end":26},{"text":"        .unwrap_or(usize::max_value())","highlight_start":1,"highlight_end":39}],"label":"expected `usize`, found `u32`","suggested_replacement":null,"suggestion_applicability":null,"expansion":null},{"file_name":"/home/notlim_dev/.cargo/registry/src/index.crates.io-6f17d22bba15001f/lexical-core-0.6.2/src/atof/algorithm/math.rs","byte_start":27723,"byte_end":27728,"line_start":1060,"line_end":1060,"column_start":34,"column_end":39,"is_primary":false,"text":[{"text":"pub fn bit_length(x: &[Limb]) -> usize {","highlight_start":34,"highlight_end":39}],"label":"expected `usize` because of return type","suggested_replacement":null,"suggestion_applicability":null,"expansion":null}],"children":[{"message":"you can convert a `u32` to a `usize` and panic if the converted value doesn't fit","code":null,"level":"help","spans":[{"file_name":"/home/notlim_dev/.cargo/registry/src/index.crates.io-6f17d22bba15001f/lexical-core-0.6.2/src/atof/algorithm/math.rs","byte_start":27956,"byte_end":27956,"line_start":1066,"line_end":1066,"column_start":39,"column_end":39,"is_primary":true,"text":[{"text":"        .unwrap_or(usize::max_value())","highlight_start":39,"highlight_end":39}],"label":null,"suggested_replacement":".try_into().unwrap()","suggestion_applicability":"MachineApplicable","expansion":null}],"children":[],"rendered":null}],"rendered":"\u001b[0m\u001b[1m\u001b[38;5;9merror[E0308]\u001b[0m\u001b[0m\u001b[1m: mismatched types\u001b[0m\n\u001b[0m    \u001b[0m\u001b[0m\u001b[1m\u001b[38;5;12m--> \u001b[0m\u001b[0m/home/notlim_dev/.cargo/registry/src/index.crates.io-6f17d22bba15001f/lexical-core-0.6.2/src/atof/algorithm/math.rs:1064:5\u001b[0m\n\u001b[0m     \u001b[0m\u001b[0m\u001b[1m\u001b[38;5;12m|\u001b[0m\n\u001b[0m\u001b[1m\u001b[38;5;12m1060\u001b[0m\u001b[0m \u001b[0m\u001b[0m\u001b[1m\u001b[38;5;12m|\u001b[0m\u001b[0m   \u001b[0m\u001b[0mpub fn bit_length(x: &[Limb]) -> usize {\u001b[0m\n\u001b[0m     \u001b[0m\u001b[0m\u001b[1m\u001b[38;5;12m|\u001b[0m\u001b[0m                                    \u001b[0m\u001b[0m\u001b[1m\u001b[38;5;12m-----\u001b[0m\u001b[0m \u001b[0m\u001b[0m\u001b[1m\u001b[38;5;12mexpected `usize` because of return type\u001b[0m\n\u001b[0m\u001b[1m\u001b[38;5;12m...\u001b[0m\n\u001b[0m\u001b[1m\u001b[38;5;12m1064\u001b[0m\u001b[0m \u001b[0m\u001b[0m\u001b[1m\u001b[38;5;12m|\u001b[0m\u001b[0m \u001b[0m\u001b[0m\u001b[1m\u001b[38;5;9m/\u001b[0m\u001b[0m \u001b[0m\u001b[0m    Limb::BITS.checked_mul(x.len())\u001b[0m\n\u001b[0m\u001b[1m\u001b[38;5;12m1065\u001b[0m\u001b[0m \u001b[0m\u001b[0m\u001b[1m\u001b[38;5;12m|\u001b[0m\u001b[0m \u001b[0m\u001b[0m\u001b[1m\u001b[38;5;9m|\u001b[0m\u001b[0m \u001b[0m\u001b[0m        .map(|v| v - nlz)\u001b[0m\n\u001b[0m\u001b[1m\u001b[38;5;12m1066\u001b[0m\u001b[0m \u001b[0m\u001b[0m\u001b[1m\u001b[38;5;12m|\u001b[0m\u001b[0m \u001b[0m\u001b[0m\u001b[1m\u001b[38;5;9m|\u001b[0m\u001b[0m \u001b[0m\u001b[0m        .unwrap_or(usize::max_value())\u001b[0m\n\u001b[0m     \u001b[0m\u001b[0m\u001b[1m\u001b[38;5;12m|\u001b[0m\u001b[0m \u001b[0m\u001b[0m\u001b[1m\u001b[38;5;9m|______________________________________^\u001b[0m\u001b[0m \u001b[0m\u001b[0m\u001b[1m\u001b[38;5;9mexpected `usize`, found `u32`\u001b[0m\n\u001b[0m     \u001b[0m\u001b[0m\u001b[1m\u001b[38;5;12m|\u001b[0m\n\u001b[0m\u001b[1m\u001b[38;5;14mhelp\u001b[0m\u001b[0m: you can convert a `u32` to a `usize` and panic if the converted value doesn't fit\u001b[0m\n\u001b[0m     \u001b[0m\u001b[0m\u001b[1m\u001b[38;5;12m|\u001b[0m\n\u001b[0m\u001b[1m\u001b[38;5;12m1066\u001b[0m\u001b[0m \u001b[0m\u001b[0m\u001b[1m\u001b[38;5;12m| \u001b[0m\u001b[0m        .unwrap_or(usize::max_value())\u001b[0m\u001b[0m\u001b[38;5;10m.try_into().unwrap()\u001b[0m\n\u001b[0m     \u001b[0m\u001b[0m\u001b[1m\u001b[38;5;12m|\u001b[0m\u001b[0m                                       \u001b[0m\u001b[0m\u001b[38;5;10m++++++++++++++++++++\u001b[0m\n\n"}
{"$message_type":"diagnostic","message":"mismatched types","code":{"code":"E0308","explanation":"Expected type did not match the received type.\n\nErroneous code examples:\n\n```compile_fail,E0308\nfn plus_one(x: i32) -> i32 {\n    x + 1\n}\n\nplus_one(\"Not a number\");\n//       ^^^^^^^^^^^^^^ expected `i32`, found `&str`\n\nif \"Not a bool\" {\n// ^^^^^^^^^^^^ expected `bool`, found `&str`\n}\n\nlet x: f32 = \"Not a float\";\n//     ---   ^^^^^^^^^^^^^ expected `f32`, found `&str`\n//     |\n//     expected due to this\n```\n\nThis error occurs when an expression was used in a place where the compiler\nexpected an expression of a different type. It can occur in several cases, the\nmost common being when calling a function and passing an argument which has a\ndifferent type than the matching type in the function declaration.\n"},"level":"error","spans":[{"file_name":"/home/notlim_dev/.cargo/registry/src/index.crates.io-6f17d22bba15001f/lexical-core-0.6.2/src/atof/algorithm/math.rs","byte_start":28498,"byte_end":28502,"line_start":1091,"line_end":1091,"column_start":23,"column_end":27,"is_primary":true,"text":[{"text":"    debug_assert!(n < bits && n != 0);","highlight_start":23,"highlight_end":27}],"label":"expected `usize`, found `u32`","suggested_replacement":null,"suggestion_applicability":null,"expansion":null},{"file_name":"/home/notlim_dev/.cargo/registry/src/index.crates.io-6f17d22bba15001f/lexical-core-0.6.2/src/atof/algorithm/math.rs","byte_start":28494,"byte_end":28495,"line_start":1091,"line_end":1091,"column_start":19,"column_end":20,"is_primary":false,"text":[{"text":"    debug_assert!(n < bits && n != 0);","highlight_start":19,"highlight_end":20}],"label":"expected because this is `usize`","suggested_replacement":null,"suggestion_applicability":null,"expansion":null}],"children":[{"message":"you can convert a `u32` to a `usize` and panic if the converted value doesn't fit","code":null,"level":"help","spans":[{"file_name":"/home/notlim_dev/.cargo/registry/src/index.crates.io-6f17d22bba15001f/lexical-core-0.6.2/src/atof/algorithm/math.rs","byte_start":28502,"byte_end":28502,"line_start":1091,"line_end":1091,"column_start":27,"column_end":27,"is_primary":true,"text":[{"text":"    debug_assert!(n < bits && n != 0);","highlight_start":27,"highlight_end":27}],"label":null,"suggested_replacement":".try_into().unwrap()","suggestion_applicability":"MachineApplicable","expansion":null}],"children":[],"rendered":null}],"rendered":"\u001b[0m\u001b[1m\u001b[38;5;9merror[E0308]\u001b[0m\u001b[0m\u001b[1m: mismatched types\u001b[0m\n\u001b[0m    \u001b[0m\u001b[0m\u001b[1m\u001b[38;5;12m--> \u001b[0m\u001b[0m/home/notlim_dev/.cargo/registry/src/index.crates.io-6f17d22bba15001f/lexical-core-0.6.2/src/atof/algorithm/math.rs:1091:23\u001b[0m\n\u001b[0m     \u001b[0m\u001b[0m\u001b[1m\u001b[38;5;12m|\u001b[0m\n\u001b[0m\u001b[1m\u001b[38;5;12m1091\u001b[0m\u001b[0m \u001b[0m\u001b[0m\u001b[1m\u001b[38;5;12m|\u001b[0m\u001b[0m \u001b[0m\u001b[0m    debug_assert!(n < bits && n != 0);\u001b[0m\n\u001b[0m     \u001b[0m\u001b[0m\u001b[1m\u001b[38;5;12m|\u001b[0m\u001b[0m                   \u001b[0m\u001b[0m\u001b[1m\u001b[38;5;12m-\u001b[0m\u001b[0m   \u001b[0m\u001b[0m\u001b[1m\u001b[38;5;9m^^^^\u001b[0m\u001b[0m \u001b[0m\u001b[0m\u001b[1m\u001b[38;5;9mexpected `usize`, found `u32`\u001b[0m\n\u001b[0m     \u001b[0m\u001b[0m\u001b[1m\u001b[38;5;12m|\u001b[0m\u001b[0m                   \u001b[0m\u001b[0m\u001b[1m\u001b[38;5;12m|\u001b[0m\n\u001b[0m     \u001b[0m\u001b[0m\u001b[1m\u001b[38;5;12m|\u001b[0m\u001b[0m                   \u001b[0m\u001b[0m\u001b[1m\u001b[38;5;12mexpected because this is `usize`\u001b[0m\n\u001b[0m     \u001b[0m\u001b[0m\u001b[1m\u001b[38;5;12m|\u001b[0m\n\u001b[0m\u001b[1m\u001b[38;5;14mhelp\u001b[0m\u001b[0m: you can convert a `u32` to a `usize` and panic if the converted value doesn't fit\u001b[0m\n\u001b[0m     \u001b[0m\u001b[0m\u001b[1m\u001b[38;5;12m|\u001b[0m\n\u001b[0m\u001b[1m\u001b[38;5;12m1091\u001b[0m\u001b[0m \u001b[0m\u001b[0m\u001b[1m\u001b[38;5;12m| \u001b[0m\u001b[0m    debug_assert!(n < bits\u001b[0m\u001b[0m\u001b[38;5;10m.try_into().unwrap()\u001b[0m\u001b[0m && n != 0);\u001b[0m\n\u001b[0m     \u001b[0m\u001b[0m\u001b[1m\u001b[38;5;12m|\u001b[0m\u001b[0m                           \u001b[0m\u001b[0m\u001b[38;5;10m++++++++++++++++++++\u001b[0m\n\n"}
{"$message_type":"diagnostic","message":"mismatched types","code":{"code":"E0308","explanation":"Expected type did not match the received type.\n\nErroneous code examples:\n\n```compile_fail,E0308\nfn plus_one(x: i32) -> i32 {\n    x + 1\n}\n\nplus_one(\"Not a number\");\n//       ^^^^^^^^^^^^^^ expected `i32`, found `&str`\n\nif \"Not a bool\" {\n// ^^^^^^^^^^^^ expected `bool`, found `&str`\n}\n\nlet x: f32 = \"Not a float\";\n//     ---   ^^^^^^^^^^^^^ expected `f32`, found `&str`\n//     |\n//     expected due to this\n```\n\nThis error occurs when an expression was used in a place where the compiler\nexpected an expression of a different type. It can occur in several cases, the\nmost common being when calling a function and passing an argument which has a\ndifferent type than the matching type in the function declaration.\n"},"level":"error","spans":[{"file_name":"/home/notlim_dev/.cargo/registry/src/index.crates.io-6f17d22bba15001f/lexical-core-0.6.2/src/atof/algorithm/math.rs","byte_start":28774,"byte_end":28775,"line_start":1098,"line_end":1098,"column_start":25,"column_end":26,"is_primary":true,"text":[{"text":"    let lshift = bits - n;","highlight_start":25,"highlight_end":26}],"label":"expected `u32`, found `usize`","suggested_replacement":null,"suggestion_applicability":null,"expansion":null}],"children":[],"rendered":"\u001b[0m\u001b[1m\u001b[38;5;9merror[E0308]\u001b[0m\u001b[0m\u001b[1m: mismatched types\u001b[0m\n\u001b[0m    \u001b[0m\u001b[0m\u001b[1m\u001b[38;5;12m--> \u001b[0m\u001b[0m/home/notlim_dev/.cargo/registry/src/index.crates.io-6f17d22bba15001f/lexical-core-0.6.2/src/atof/algorithm/math.rs:1098:25\u001b[0m\n\u001b[0m     \u001b[0m\u001b[0m\u001b[1m\u001b[38;5;12m|\u001b[0m\n\u001b[0m\u001b[1m\u001b[38;5;12m1098\u001b[0m\u001b[0m \u001b[0m\u001b[0m\u001b[1m\u001b[38;5;12m|\u001b[0m\u001b[0m \u001b[0m\u001b[0m    let lshift = bits - n;\u001b[0m\n\u001b[0m     \u001b[0m\u001b[0m\u001b[1m\u001b[38;5;12m|\u001b[0m\u001b[0m                         \u001b[0m\u001b[0m\u001b[1m\u001b[38;5;9m^\u001b[0m\u001b[0m \u001b[0m\u001b[0m\u001b[1m\u001b[38;5;9mexpected `u32`, found `usize`\u001b[0m\n\n"}
{"$message_type":"diagnostic","message":"cannot subtract `usize` from `u32`","code":{"code":"E0277","explanation":"You tried to use a type which doesn't implement some trait in a place which\nexpected that trait.\n\nErroneous code example:\n\n```compile_fail,E0277\n// here we declare the Foo trait with a bar method\ntrait Foo {\n    fn bar(&self);\n}\n\n// we now declare a function which takes an object implementing the Foo trait\nfn some_func<T: Foo>(foo: T) {\n    foo.bar();\n}\n\nfn main() {\n    // we now call the method with the i32 type, which doesn't implement\n    // the Foo trait\n    some_func(5i32); // error: the trait bound `i32 : Foo` is not satisfied\n}\n```\n\nIn order to fix this error, verify that the type you're using does implement\nthe trait. Example:\n\n```\ntrait Foo {\n    fn bar(&self);\n}\n\n// we implement the trait on the i32 type\nimpl Foo for i32 {\n    fn bar(&self) {}\n}\n\nfn some_func<T: Foo>(foo: T) {\n    foo.bar(); // we can now use this method since i32 implements the\n               // Foo trait\n}\n\nfn main() {\n    some_func(5i32); // ok!\n}\n```\n\nOr in a generic context, an erroneous code example would look like:\n\n```compile_fail,E0277\nfn some_func<T>(foo: T) {\n    println!(\"{:?}\", foo); // error: the trait `core::fmt::Debug` is not\n                           //        implemented for the type `T`\n}\n\nfn main() {\n    // We now call the method with the i32 type,\n    // which *does* implement the Debug trait.\n    some_func(5i32);\n}\n```\n\nNote that the error here is in the definition of the generic function. Although\nwe only call it with a parameter that does implement `Debug`, the compiler\nstill rejects the function. It must work with all possible input types. In\norder to make this example compile, we need to restrict the generic type we're\naccepting:\n\n```\nuse std::fmt;\n\n// Restrict the input type to types that implement Debug.\nfn some_func<T: fmt::Debug>(foo: T) {\n    println!(\"{:?}\", foo);\n}\n\nfn main() {\n    // Calling the method is still fine, as i32 implements Debug.\n    some_func(5i32);\n\n    // This would fail to compile now:\n    // struct WithoutDebug;\n    // some_func(WithoutDebug);\n}\n```\n\nRust only looks at the signature of the called function, as such it must\nalready specify all requirements that will be used for every type parameter.\n"},"level":"error","spans":[{"file_name":"/home/notlim_dev/.cargo/registry/src/index.crates.io-6f17d22bba15001f/lexical-core-0.6.2/src/atof/algorithm/math.rs","byte_start":28772,"byte_end":28773,"line_start":1098,"line_end":1098,"column_start":23,"column_end":24,"is_primary":true,"text":[{"text":"    let lshift = bits - n;","highlight_start":23,"highlight_end":24}],"label":"no implementation for `u32 - usize`","suggested_replacement":null,"suggestion_applicability":null,"expansion":null}],"children":[{"message":"the trait `Sub<usize>` is not implemented for `u32`","code":null,"level":"help","spans":[],"children":[],"rendered":null},{"message":"the following other types implement trait `Sub<Rhs>`:\n  `&'a u32` implements `Sub<u32>`\n  `&u32` implements `Sub<&u32>`\n  `u32` implements `Sub<&u32>`\n  `u32` implements `Sub`","code":null,"level":"help","spans":[],"children":[],"rendered":null}],"rendered":"\u001b[0m\u001b[1m\u001b[38;5;9merror[E0277]\u001b[0m\u001b[0m\u001b[1m: cannot subtract `usize` from `u32`\u001b[0m\n\u001b[0m    \u001b[0m\u001b[0m\u001b[1m\u001b[38;5;12m--> \u001b[0m\u001b[0m/home/notlim_dev/.cargo/registry/src/index.crates.io-6f17d22bba15001f/lexical-core-0.6.2/src/atof/algorithm/math.rs:1098:23\u001b[0m\n\u001b[0m     \u001b[0m\u001b[0m\u001b[1m\u001b[38;5;12m|\u001b[0m\n\u001b[0m\u001b[1m\u001b[38;5;12m1098\u001b[0m\u001b[0m \u001b[0m\u001b[0m\u001b[1m\u001b[38;5;12m|\u001b[0m\u001b[0m \u001b[0m\u001b[0m    let lshift = bits - n;\u001b[0m\n\u001b[0m     \u001b[0m\u001b[0m\u001b[1m\u001b[38;5;12m|\u001b[0m\u001b[0m                       \u001b[0m\u001b[0m\u001b[1m\u001b[38;5;9m^\u001b[0m\u001b[0m \u001b[0m\u001b[0m\u001b[1m\u001b[38;5;9mno implementation for `u32 - usize`\u001b[0m\n\u001b[0m     \u001b[0m\u001b[0m\u001b[1m\u001b[38;5;12m|\u001b[0m\n\u001b[0m     \u001b[0m\u001b[0m\u001b[1m\u001b[38;5;12m= \u001b[0m\u001b[0m\u001b[1mhelp\u001b[0m\u001b[0m: the trait `Sub<usize>` is not implemented for `u32`\u001b[0m\n\u001b[0m     \u001b[0m\u001b[0m\u001b[1m\u001b[38;5;12m= \u001b[0m\u001b[0m\u001b[1mhelp\u001b[0m\u001b[0m: the following other types implement trait `Sub<Rhs>`:\u001b[0m\n\u001b[0m               `&'a u32` implements `Sub<u32>`\u001b[0m\n\u001b[0m               `&u32` implements `Sub<&u32>`\u001b[0m\n\u001b[0m               `u32` implements `Sub<&u32>`\u001b[0m\n\u001b[0m               `u32` implements `Sub`\u001b[0m\n\n"}
{"$message_type":"diagnostic","message":"mismatched types","code":{"code":"E0308","explanation":"Expected type did not match the received type.\n\nErroneous code examples:\n\n```compile_fail,E0308\nfn plus_one(x: i32) -> i32 {\n    x + 1\n}\n\nplus_one(\"Not a number\");\n//       ^^^^^^^^^^^^^^ expected `i32`, found `&str`\n\nif \"Not a bool\" {\n// ^^^^^^^^^^^^ expected `bool`, found `&str`\n}\n\nlet x: f32 = \"Not a float\";\n//     ---   ^^^^^^^^^^^^^ expected `f32`, found `&str`\n//     |\n//     expected due to this\n```\n\nThis error occurs when an expression was used in a place where the compiler\nexpected an expression of a different type. It can occur in several cases, the\nmost common being when calling a function and passing an argument which has a\ndifferent type than the matching type in the function declaration.\n"},"level":"error","spans":[{"file_name":"/home/notlim_dev/.cargo/registry/src/index.crates.io-6f17d22bba15001f/lexical-core-0.6.2/src/atof/algorithm/math.rs","byte_start":29797,"byte_end":29801,"line_start":1140,"line_end":1140,"column_start":19,"column_end":23,"is_primary":true,"text":[{"text":"    let rem = n % bits;","highlight_start":19,"highlight_end":23}],"label":"expected `usize`, found `u32`","suggested_replacement":null,"suggestion_applicability":null,"expansion":null}],"children":[],"rendered":"\u001b[0m\u001b[1m\u001b[38;5;9merror[E0308]\u001b[0m\u001b[0m\u001b[1m: mismatched types\u001b[0m\n\u001b[0m    \u001b[0m\u001b[0m\u001b[1m\u001b[38;5;12m--> \u001b[0m\u001b[0m/home/notlim_dev/.cargo/registry/src/index.crates.io-6f17d22bba15001f/lexical-core-0.6.2/src/atof/algorithm/math.rs:1140:19\u001b[0m\n\u001b[0m     \u001b[0m\u001b[0m\u001b[1m\u001b[38;5;12m|\u001b[0m\n\u001b[0m\u001b[1m\u001b[38;5;12m1140\u001b[0m\u001b[0m \u001b[0m\u001b[0m\u001b[1m\u001b[38;5;12m|\u001b[0m\u001b[0m \u001b[0m\u001b[0m    let rem = n % bits;\u001b[0m\n\u001b[0m     \u001b[0m\u001b[0m\u001b[1m\u001b[38;5;12m|\u001b[0m\u001b[0m                   \u001b[0m\u001b[0m\u001b[1m\u001b[38;5;9m^^^^\u001b[0m\u001b[0m \u001b[0m\u001b[0m\u001b[1m\u001b[38;5;9mexpected `usize`, found `u32`\u001b[0m\n\n"}
{"$message_type":"diagnostic","message":"cannot calculate the remainder of `usize` divided by `u32`","code":{"code":"E0277","explanation":"You tried to use a type which doesn't implement some trait in a place which\nexpected that trait.\n\nErroneous code example:\n\n```compile_fail,E0277\n// here we declare the Foo trait with a bar method\ntrait Foo {\n    fn bar(&self);\n}\n\n// we now declare a function which takes an object implementing the Foo trait\nfn some_func<T: Foo>(foo: T) {\n    foo.bar();\n}\n\nfn main() {\n    // we now call the method with the i32 type, which doesn't implement\n    // the Foo trait\n    some_func(5i32); // error: the trait bound `i32 : Foo` is not satisfied\n}\n```\n\nIn order to fix this error, verify that the type you're using does implement\nthe trait. Example:\n\n```\ntrait Foo {\n    fn bar(&self);\n}\n\n// we implement the trait on the i32 type\nimpl Foo for i32 {\n    fn bar(&self) {}\n}\n\nfn some_func<T: Foo>(foo: T) {\n    foo.bar(); // we can now use this method since i32 implements the\n               // Foo trait\n}\n\nfn main() {\n    some_func(5i32); // ok!\n}\n```\n\nOr in a generic context, an erroneous code example would look like:\n\n```compile_fail,E0277\nfn some_func<T>(foo: T) {\n    println!(\"{:?}\", foo); // error: the trait `core::fmt::Debug` is not\n                           //        implemented for the type `T`\n}\n\nfn main() {\n    // We now call the method with the i32 type,\n    // which *does* implement the Debug trait.\n    some_func(5i32);\n}\n```\n\nNote that the error here is in the definition of the generic function. Although\nwe only call it with a parameter that does implement `Debug`, the compiler\nstill rejects the function. It must work with all possible input types. In\norder to make this example compile, we need to restrict the generic type we're\naccepting:\n\n```\nuse std::fmt;\n\n// Restrict the input type to types that implement Debug.\nfn some_func<T: fmt::Debug>(foo: T) {\n    println!(\"{:?}\", foo);\n}\n\nfn main() {\n    // Calling the method is still fine, as i32 implements Debug.\n    some_func(5i32);\n\n    // This would fail to compile now:\n    // struct WithoutDebug;\n    // some_func(WithoutDebug);\n}\n```\n\nRust only looks at the signature of the called function, as such it must\nalready specify all requirements that will be used for every type parameter.\n"},"level":"error","spans":[{"file_name":"/home/notlim_dev/.cargo/registry/src/index.crates.io-6f17d22bba15001f/lexical-core-0.6.2/src/atof/algorithm/math.rs","byte_start":29795,"byte_end":29796,"line_start":1140,"line_end":1140,"column_start":17,"column_end":18,"is_primary":true,"text":[{"text":"    let rem = n % bits;","highlight_start":17,"highlight_end":18}],"label":"no implementation for `usize % u32`","suggested_replacement":null,"suggestion_applicability":null,"expansion":null}],"children":[{"message":"the trait `Rem<u32>` is not implemented for `usize`","code":null,"level":"help","spans":[],"children":[],"rendered":null},{"message":"the following other types implement trait `Rem<Rhs>`:\n  `&'a usize` implements `Rem<usize>`\n  `&usize` implements `Rem<&usize>`\n  `usize` implements `Rem<&usize>`\n  `usize` implements `Rem<NonZero<usize>>`\n  `usize` implements `Rem`","code":null,"level":"help","spans":[],"children":[],"rendered":null}],"rendered":"\u001b[0m\u001b[1m\u001b[38;5;9merror[E0277]\u001b[0m\u001b[0m\u001b[1m: cannot calculate the remainder of `usize` divided by `u32`\u001b[0m\n\u001b[0m    \u001b[0m\u001b[0m\u001b[1m\u001b[38;5;12m--> \u001b[0m\u001b[0m/home/notlim_dev/.cargo/registry/src/index.crates.io-6f17d22bba15001f/lexical-core-0.6.2/src/atof/algorithm/math.rs:1140:17\u001b[0m\n\u001b[0m     \u001b[0m\u001b[0m\u001b[1m\u001b[38;5;12m|\u001b[0m\n\u001b[0m\u001b[1m\u001b[38;5;12m1140\u001b[0m\u001b[0m \u001b[0m\u001b[0m\u001b[1m\u001b[38;5;12m|\u001b[0m\u001b[0m \u001b[0m\u001b[0m    let rem = n % bits;\u001b[0m\n\u001b[0m     \u001b[0m\u001b[0m\u001b[1m\u001b[38;5;12m|\u001b[0m\u001b[0m                 \u001b[0m\u001b[0m\u001b[1m\u001b[38;5;9m^\u001b[0m\u001b[0m \u001b[0m\u001b[0m\u001b[1m\u001b[38;5;9mno implementation for `usize % u32`\u001b[0m\n\u001b[0m     \u001b[0m\u001b[0m\u001b[1m\u001b[38;5;12m|\u001b[0m\n\u001b[0m     \u001b[0m\u001b[0m\u001b[1m\u001b[38;5;12m= \u001b[0m\u001b[0m\u001b[1mhelp\u001b[0m\u001b[0m: the trait `Rem<u32>` is not implemented for `usize`\u001b[0m\n\u001b[0m     \u001b[0m\u001b[0m\u001b[1m\u001b[38;5;12m= \u001b[0m\u001b[0m\u001b[1mhelp\u001b[0m\u001b[0m: the following other types implement trait `Rem<Rhs>`:\u001b[0m\n\u001b[0m               `&'a usize` implements `Rem<usize>`\u001b[0m\n\u001b[0m               `&usize` implements `Rem<&usize>`\u001b[0m\n\u001b[0m               `usize` implements `Rem<&usize>`\u001b[0m\n\u001b[0m               `usize` implements `Rem<NonZero<usize>>`\u001b[0m\n\u001b[0m               `usize` implements `Rem`\u001b[0m\n\n"}
{"$message_type":"diagnostic","message":"mismatched types","code":{"code":"E0308","explanation":"Expected type did not match the received type.\n\nErroneous code examples:\n\n```compile_fail,E0308\nfn plus_one(x: i32) -> i32 {\n    x + 1\n}\n\nplus_one(\"Not a number\");\n//       ^^^^^^^^^^^^^^ expected `i32`, found `&str`\n\nif \"Not a bool\" {\n// ^^^^^^^^^^^^ expected `bool`, found `&str`\n}\n\nlet x: f32 = \"Not a float\";\n//     ---   ^^^^^^^^^^^^^ expected `f32`, found `&str`\n//     |\n//     expected due to this\n```\n\nThis error occurs when an expression was used in a place where the compiler\nexpected an expression of a different type. It can occur in several cases, the\nmost common being when calling a function and passing an argument which has a\ndifferent type than the matching type in the function declaration.\n"},"level":"error","spans":[{"file_name":"/home/notlim_dev/.cargo/registry/src/index.crates.io-6f17d22bba15001f/lexical-core-0.6.2/src/atof/algorithm/math.rs","byte_start":29821,"byte_end":29825,"line_start":1141,"line_end":1141,"column_start":19,"column_end":23,"is_primary":true,"text":[{"text":"    let div = n / bits;","highlight_start":19,"highlight_end":23}],"label":"expected `usize`, found `u32`","suggested_replacement":null,"suggestion_applicability":null,"expansion":null}],"children":[],"rendered":"\u001b[0m\u001b[1m\u001b[38;5;9merror[E0308]\u001b[0m\u001b[0m\u001b[1m: mismatched types\u001b[0m\n\u001b[0m    \u001b[0m\u001b[0m\u001b[1m\u001b[38;5;12m--> \u001b[0m\u001b[0m/home/notlim_dev/.cargo/registry/src/index.crates.io-6f17d22bba15001f/lexical-core-0.6.2/src/atof/algorithm/math.rs:1141:19\u001b[0m\n\u001b[0m     \u001b[0m\u001b[0m\u001b[1m\u001b[38;5;12m|\u001b[0m\n\u001b[0m\u001b[1m\u001b[38;5;12m1141\u001b[0m\u001b[0m \u001b[0m\u001b[0m\u001b[1m\u001b[38;5;12m|\u001b[0m\u001b[0m \u001b[0m\u001b[0m    let div = n / bits;\u001b[0m\n\u001b[0m     \u001b[0m\u001b[0m\u001b[1m\u001b[38;5;12m|\u001b[0m\u001b[0m                   \u001b[0m\u001b[0m\u001b[1m\u001b[38;5;9m^^^^\u001b[0m\u001b[0m \u001b[0m\u001b[0m\u001b[1m\u001b[38;5;9mexpected `usize`, found `u32`\u001b[0m\n\n"}
{"$message_type":"diagnostic","message":"cannot divide `usize` by `u32`","code":{"code":"E0277","explanation":"You tried to use a type which doesn't implement some trait in a place which\nexpected that trait.\n\nErroneous code example:\n\n```compile_fail,E0277\n// here we declare the Foo trait with a bar method\ntrait Foo {\n    fn bar(&self);\n}\n\n// we now declare a function which takes an object implementing the Foo trait\nfn some_func<T: Foo>(foo: T) {\n    foo.bar();\n}\n\nfn main() {\n    // we now call the method with the i32 type, which doesn't implement\n    // the Foo trait\n    some_func(5i32); // error: the trait bound `i32 : Foo` is not satisfied\n}\n```\n\nIn order to fix this error, verify that the type you're using does implement\nthe trait. Example:\n\n```\ntrait Foo {\n    fn bar(&self);\n}\n\n// we implement the trait on the i32 type\nimpl Foo for i32 {\n    fn bar(&self) {}\n}\n\nfn some_func<T: Foo>(foo: T) {\n    foo.bar(); // we can now use this method since i32 implements the\n               // Foo trait\n}\n\nfn main() {\n    some_func(5i32); // ok!\n}\n```\n\nOr in a generic context, an erroneous code example would look like:\n\n```compile_fail,E0277\nfn some_func<T>(foo: T) {\n    println!(\"{:?}\", foo); // error: the trait `core::fmt::Debug` is not\n                           //        implemented for the type `T`\n}\n\nfn main() {\n    // We now call the method with the i32 type,\n    // which *does* implement the Debug trait.\n    some_func(5i32);\n}\n```\n\nNote that the error here is in the definition of the generic function. Although\nwe only call it with a parameter that does implement `Debug`, the compiler\nstill rejects the function. It must work with all possible input types. In\norder to make this example compile, we need to restrict the generic type we're\naccepting:\n\n```\nuse std::fmt;\n\n// Restrict the input type to types that implement Debug.\nfn some_func<T: fmt::Debug>(foo: T) {\n    println!(\"{:?}\", foo);\n}\n\nfn main() {\n    // Calling the method is still fine, as i32 implements Debug.\n    some_func(5i32);\n\n    // This would fail to compile now:\n    // struct WithoutDebug;\n    // some_func(WithoutDebug);\n}\n```\n\nRust only looks at the signature of the called function, as such it must\nalready specify all requirements that will be used for every type parameter.\n"},"level":"error","spans":[{"file_name":"/home/notlim_dev/.cargo/registry/src/index.crates.io-6f17d22bba15001f/lexical-core-0.6.2/src/atof/algorithm/math.rs","byte_start":29819,"byte_end":29820,"line_start":1141,"line_end":1141,"column_start":17,"column_end":18,"is_primary":true,"text":[{"text":"    let div = n / bits;","highlight_start":17,"highlight_end":18}],"label":"no implementation for `usize / u32`","suggested_replacement":null,"suggestion_applicability":null,"expansion":null}],"children":[{"message":"the trait `Div<u32>` is not implemented for `usize`","code":null,"level":"help","spans":[],"children":[],"rendered":null},{"message":"the following other types implement trait `Div<Rhs>`:\n  `&'a usize` implements `Div<usize>`\n  `&usize` implements `Div<&usize>`\n  `usize` implements `Div<&usize>`\n  `usize` implements `Div<NonZero<usize>>`\n  `usize` implements `Div`","code":null,"level":"help","spans":[],"children":[],"rendered":null}],"rendered":"\u001b[0m\u001b[1m\u001b[38;5;9merror[E0277]\u001b[0m\u001b[0m\u001b[1m: cannot divide `usize` by `u32`\u001b[0m\n\u001b[0m    \u001b[0m\u001b[0m\u001b[1m\u001b[38;5;12m--> \u001b[0m\u001b[0m/home/notlim_dev/.cargo/registry/src/index.crates.io-6f17d22bba15001f/lexical-core-0.6.2/src/atof/algorithm/math.rs:1141:17\u001b[0m\n\u001b[0m     \u001b[0m\u001b[0m\u001b[1m\u001b[38;5;12m|\u001b[0m\n\u001b[0m\u001b[1m\u001b[38;5;12m1141\u001b[0m\u001b[0m \u001b[0m\u001b[0m\u001b[1m\u001b[38;5;12m|\u001b[0m\u001b[0m \u001b[0m\u001b[0m    let div = n / bits;\u001b[0m\n\u001b[0m     \u001b[0m\u001b[0m\u001b[1m\u001b[38;5;12m|\u001b[0m\u001b[0m                 \u001b[0m\u001b[0m\u001b[1m\u001b[38;5;9m^\u001b[0m\u001b[0m \u001b[0m\u001b[0m\u001b[1m\u001b[38;5;9mno implementation for `usize / u32`\u001b[0m\n\u001b[0m     \u001b[0m\u001b[0m\u001b[1m\u001b[38;5;12m|\u001b[0m\n\u001b[0m     \u001b[0m\u001b[0m\u001b[1m\u001b[38;5;12m= \u001b[0m\u001b[0m\u001b[1mhelp\u001b[0m\u001b[0m: the trait `Div<u32>` is not implemented for `usize`\u001b[0m\n\u001b[0m     \u001b[0m\u001b[0m\u001b[1m\u001b[38;5;12m= \u001b[0m\u001b[0m\u001b[1mhelp\u001b[0m\u001b[0m: the following other types implement trait `Div<Rhs>`:\u001b[0m\n\u001b[0m               `&'a usize` implements `Div<usize>`\u001b[0m\n\u001b[0m               `&usize` implements `Div<&usize>`\u001b[0m\n\u001b[0m               `usize` implements `Div<&usize>`\u001b[0m\n\u001b[0m               `usize` implements `Div<NonZero<usize>>`\u001b[0m\n\u001b[0m               `usize` implements `Div`\u001b[0m\n\n"}
{"$message_type":"diagnostic","message":"mismatched types","code":{"code":"E0308","explanation":"Expected type did not match the received type.\n\nErroneous code examples:\n\n```compile_fail,E0308\nfn plus_one(x: i32) -> i32 {\n    x + 1\n}\n\nplus_one(\"Not a number\");\n//       ^^^^^^^^^^^^^^ expected `i32`, found `&str`\n\nif \"Not a bool\" {\n// ^^^^^^^^^^^^ expected `bool`, found `&str`\n}\n\nlet x: f32 = \"Not a float\";\n//     ---   ^^^^^^^^^^^^^ expected `f32`, found `&str`\n//     |\n//     expected due to this\n```\n\nThis error occurs when an expression was used in a place where the compiler\nexpected an expression of a different type. It can occur in several cases, the\nmost common being when calling a function and passing an argument which has a\ndifferent type than the matching type in the function declaration.\n"},"level":"error","spans":[{"file_name":"/home/notlim_dev/.cargo/registry/src/index.crates.io-6f17d22bba15001f/lexical-core-0.6.2/src/atof/algorithm/math.rs","byte_start":31226,"byte_end":31230,"line_start":1197,"line_end":1197,"column_start":23,"column_end":27,"is_primary":true,"text":[{"text":"    debug_assert!(n < bits);","highlight_start":23,"highlight_end":27}],"label":"expected `usize`, found `u32`","suggested_replacement":null,"suggestion_applicability":null,"expansion":null},{"file_name":"/home/notlim_dev/.cargo/registry/src/index.crates.io-6f17d22bba15001f/lexical-core-0.6.2/src/atof/algorithm/math.rs","byte_start":31222,"byte_end":31223,"line_start":1197,"line_end":1197,"column_start":19,"column_end":20,"is_primary":false,"text":[{"text":"    debug_assert!(n < bits);","highlight_start":19,"highlight_end":20}],"label":"expected because this is `usize`","suggested_replacement":null,"suggestion_applicability":null,"expansion":null}],"children":[{"message":"you can convert a `u32` to a `usize` and panic if the converted value doesn't fit","code":null,"level":"help","spans":[{"file_name":"/home/notlim_dev/.cargo/registry/src/index.crates.io-6f17d22bba15001f/lexical-core-0.6.2/src/atof/algorithm/math.rs","byte_start":31230,"byte_end":31230,"line_start":1197,"line_end":1197,"column_start":27,"column_end":27,"is_primary":true,"text":[{"text":"    debug_assert!(n < bits);","highlight_start":27,"highlight_end":27}],"label":null,"suggested_replacement":".try_into().unwrap()","suggestion_applicability":"MachineApplicable","expansion":null}],"children":[],"rendered":null}],"rendered":"\u001b[0m\u001b[1m\u001b[38;5;9merror[E0308]\u001b[0m\u001b[0m\u001b[1m: mismatched types\u001b[0m\n\u001b[0m    \u001b[0m\u001b[0m\u001b[1m\u001b[38;5;12m--> \u001b[0m\u001b[0m/home/notlim_dev/.cargo/registry/src/index.crates.io-6f17d22bba15001f/lexical-core-0.6.2/src/atof/algorithm/math.rs:1197:23\u001b[0m\n\u001b[0m     \u001b[0m\u001b[0m\u001b[1m\u001b[38;5;12m|\u001b[0m\n\u001b[0m\u001b[1m\u001b[38;5;12m1197\u001b[0m\u001b[0m \u001b[0m\u001b[0m\u001b[1m\u001b[38;5;12m|\u001b[0m\u001b[0m \u001b[0m\u001b[0m    debug_assert!(n < bits);\u001b[0m\n\u001b[0m     \u001b[0m\u001b[0m\u001b[1m\u001b[38;5;12m|\u001b[0m\u001b[0m                   \u001b[0m\u001b[0m\u001b[1m\u001b[38;5;12m-\u001b[0m\u001b[0m   \u001b[0m\u001b[0m\u001b[1m\u001b[38;5;9m^^^^\u001b[0m\u001b[0m \u001b[0m\u001b[0m\u001b[1m\u001b[38;5;9mexpected `usize`, found `u32`\u001b[0m\n\u001b[0m     \u001b[0m\u001b[0m\u001b[1m\u001b[38;5;12m|\u001b[0m\u001b[0m                   \u001b[0m\u001b[0m\u001b[1m\u001b[38;5;12m|\u001b[0m\n\u001b[0m     \u001b[0m\u001b[0m\u001b[1m\u001b[38;5;12m|\u001b[0m\u001b[0m                   \u001b[0m\u001b[0m\u001b[1m\u001b[38;5;12mexpected because this is `usize`\u001b[0m\n\u001b[0m     \u001b[0m\u001b[0m\u001b[1m\u001b[38;5;12m|\u001b[0m\n\u001b[0m\u001b[1m\u001b[38;5;14mhelp\u001b[0m\u001b[0m: you can convert a `u32` to a `usize` and panic if the converted value doesn't fit\u001b[0m\n\u001b[0m     \u001b[0m\u001b[0m\u001b[1m\u001b[38;5;12m|\u001b[0m\n\u001b[0m\u001b[1m\u001b[38;5;12m1197\u001b[0m\u001b[0m \u001b[0m\u001b[0m\u001b[1m\u001b[38;5;12m| \u001b[0m\u001b[0m    debug_assert!(n < bits\u001b[0m\u001b[0m\u001b[38;5;10m.try_into().unwrap()\u001b[0m\u001b[0m);\u001b[0m\n\u001b[0m     \u001b[0m\u001b[0m\u001b[1m\u001b[38;5;12m|\u001b[0m\u001b[0m                           \u001b[0m\u001b[0m\u001b[38;5;10m++++++++++++++++++++\u001b[0m\n\n"}
{"$message_type":"diagnostic","message":"mismatched types","code":{"code":"E0308","explanation":"Expected type did not match the received type.\n\nErroneous code examples:\n\n```compile_fail,E0308\nfn plus_one(x: i32) -> i32 {\n    x + 1\n}\n\nplus_one(\"Not a number\");\n//       ^^^^^^^^^^^^^^ expected `i32`, found `&str`\n\nif \"Not a bool\" {\n// ^^^^^^^^^^^^ expected `bool`, found `&str`\n}\n\nlet x: f32 = \"Not a float\";\n//     ---   ^^^^^^^^^^^^^ expected `f32`, found `&str`\n//     |\n//     expected due to this\n```\n\nThis error occurs when an expression was used in a place where the compiler\nexpected an expression of a different type. It can occur in several cases, the\nmost common being when calling a function and passing an argument which has a\ndifferent type than the matching type in the function declaration.\n"},"level":"error","spans":[{"file_name":"/home/notlim_dev/.cargo/registry/src/index.crates.io-6f17d22bba15001f/lexical-core-0.6.2/src/atof/algorithm/math.rs","byte_start":31538,"byte_end":31539,"line_start":1207,"line_end":1207,"column_start":25,"column_end":26,"is_primary":true,"text":[{"text":"    let rshift = bits - n;","highlight_start":25,"highlight_end":26}],"label":"expected `u32`, found `usize`","suggested_replacement":null,"suggestion_applicability":null,"expansion":null}],"children":[],"rendered":"\u001b[0m\u001b[1m\u001b[38;5;9merror[E0308]\u001b[0m\u001b[0m\u001b[1m: mismatched types\u001b[0m\n\u001b[0m    \u001b[0m\u001b[0m\u001b[1m\u001b[38;5;12m--> \u001b[0m\u001b[0m/home/notlim_dev/.cargo/registry/src/index.crates.io-6f17d22bba15001f/lexical-core-0.6.2/src/atof/algorithm/math.rs:1207:25\u001b[0m\n\u001b[0m     \u001b[0m\u001b[0m\u001b[1m\u001b[38;5;12m|\u001b[0m\n\u001b[0m\u001b[1m\u001b[38;5;12m1207\u001b[0m\u001b[0m \u001b[0m\u001b[0m\u001b[1m\u001b[38;5;12m|\u001b[0m\u001b[0m \u001b[0m\u001b[0m    let rshift = bits - n;\u001b[0m\n\u001b[0m     \u001b[0m\u001b[0m\u001b[1m\u001b[38;5;12m|\u001b[0m\u001b[0m                         \u001b[0m\u001b[0m\u001b[1m\u001b[38;5;9m^\u001b[0m\u001b[0m \u001b[0m\u001b[0m\u001b[1m\u001b[38;5;9mexpected `u32`, found `usize`\u001b[0m\n\n"}
{"$message_type":"diagnostic","message":"cannot subtract `usize` from `u32`","code":{"code":"E0277","explanation":"You tried to use a type which doesn't implement some trait in a place which\nexpected that trait.\n\nErroneous code example:\n\n```compile_fail,E0277\n// here we declare the Foo trait with a bar method\ntrait Foo {\n    fn bar(&self);\n}\n\n// we now declare a function which takes an object implementing the Foo trait\nfn some_func<T: Foo>(foo: T) {\n    foo.bar();\n}\n\nfn main() {\n    // we now call the method with the i32 type, which doesn't implement\n    // the Foo trait\n    some_func(5i32); // error: the trait bound `i32 : Foo` is not satisfied\n}\n```\n\nIn order to fix this error, verify that the type you're using does implement\nthe trait. Example:\n\n```\ntrait Foo {\n    fn bar(&self);\n}\n\n// we implement the trait on the i32 type\nimpl Foo for i32 {\n    fn bar(&self) {}\n}\n\nfn some_func<T: Foo>(foo: T) {\n    foo.bar(); // we can now use this method since i32 implements the\n               // Foo trait\n}\n\nfn main() {\n    some_func(5i32); // ok!\n}\n```\n\nOr in a generic context, an erroneous code example would look like:\n\n```compile_fail,E0277\nfn some_func<T>(foo: T) {\n    println!(\"{:?}\", foo); // error: the trait `core::fmt::Debug` is not\n                           //        implemented for the type `T`\n}\n\nfn main() {\n    // We now call the method with the i32 type,\n    // which *does* implement the Debug trait.\n    some_func(5i32);\n}\n```\n\nNote that the error here is in the definition of the generic function. Although\nwe only call it with a parameter that does implement `Debug`, the compiler\nstill rejects the function. It must work with all possible input types. In\norder to make this example compile, we need to restrict the generic type we're\naccepting:\n\n```\nuse std::fmt;\n\n// Restrict the input type to types that implement Debug.\nfn some_func<T: fmt::Debug>(foo: T) {\n    println!(\"{:?}\", foo);\n}\n\nfn main() {\n    // Calling the method is still fine, as i32 implements Debug.\n    some_func(5i32);\n\n    // This would fail to compile now:\n    // struct WithoutDebug;\n    // some_func(WithoutDebug);\n}\n```\n\nRust only looks at the signature of the called function, as such it must\nalready specify all requirements that will be used for every type parameter.\n"},"level":"error","spans":[{"file_name":"/home/notlim_dev/.cargo/registry/src/index.crates.io-6f17d22bba15001f/lexical-core-0.6.2/src/atof/algorithm/math.rs","byte_start":31536,"byte_end":31537,"line_start":1207,"line_end":1207,"column_start":23,"column_end":24,"is_primary":true,"text":[{"text":"    let rshift = bits - n;","highlight_start":23,"highlight_end":24}],"label":"no implementation for `u32 - usize`","suggested_replacement":null,"suggestion_applicability":null,"expansion":null}],"children":[{"message":"the trait `Sub<usize>` is not implemented for `u32`","code":null,"level":"help","spans":[],"children":[],"rendered":null},{"message":"the following other types implement trait `Sub<Rhs>`:\n  `&'a u32` implements `Sub<u32>`\n  `&u32` implements `Sub<&u32>`\n  `u32` implements `Sub<&u32>`\n  `u32` implements `Sub`","code":null,"level":"help","spans":[],"children":[],"rendered":null}],"rendered":"\u001b[0m\u001b[1m\u001b[38;5;9merror[E0277]\u001b[0m\u001b[0m\u001b[1m: cannot subtract `usize` from `u32`\u001b[0m\n\u001b[0m    \u001b[0m\u001b[0m\u001b[1m\u001b[38;5;12m--> \u001b[0m\u001b[0m/home/notlim_dev/.cargo/registry/src/index.crates.io-6f17d22bba15001f/lexical-core-0.6.2/src/atof/algorithm/math.rs:1207:23\u001b[0m\n\u001b[0m     \u001b[0m\u001b[0m\u001b[1m\u001b[38;5;12m|\u001b[0m\n\u001b[0m\u001b[1m\u001b[38;5;12m1207\u001b[0m\u001b[0m \u001b[0m\u001b[0m\u001b[1m\u001b[38;5;12m|\u001b[0m\u001b[0m \u001b[0m\u001b[0m    let rshift = bits - n;\u001b[0m\n\u001b[0m     \u001b[0m\u001b[0m\u001b[1m\u001b[38;5;12m|\u001b[0m\u001b[0m                       \u001b[0m\u001b[0m\u001b[1m\u001b[38;5;9m^\u001b[0m\u001b[0m \u001b[0m\u001b[0m\u001b[1m\u001b[38;5;9mno implementation for `u32 - usize`\u001b[0m\n\u001b[0m     \u001b[0m\u001b[0m\u001b[1m\u001b[38;5;12m|\u001b[0m\n\u001b[0m     \u001b[0m\u001b[0m\u001b[1m\u001b[38;5;12m= \u001b[0m\u001b[0m\u001b[1mhelp\u001b[0m\u001b[0m: the trait `Sub<usize>` is not implemented for `u32`\u001b[0m\n\u001b[0m     \u001b[0m\u001b[0m\u001b[1m\u001b[38;5;12m= \u001b[0m\u001b[0m\u001b[1mhelp\u001b[0m\u001b[0m: the following other types implement trait `Sub<Rhs>`:\u001b[0m\n\u001b[0m               `&'a u32` implements `Sub<u32>`\u001b[0m\n\u001b[0m               `&u32` implements `Sub<&u32>`\u001b[0m\n\u001b[0m               `u32` implements `Sub<&u32>`\u001b[0m\n\u001b[0m               `u32` implements `Sub`\u001b[0m\n\n"}
{"$message_type":"diagnostic","message":"mismatched types","code":{"code":"E0308","explanation":"Expected type did not match the received type.\n\nErroneous code examples:\n\n```compile_fail,E0308\nfn plus_one(x: i32) -> i32 {\n    x + 1\n}\n\nplus_one(\"Not a number\");\n//       ^^^^^^^^^^^^^^ expected `i32`, found `&str`\n\nif \"Not a bool\" {\n// ^^^^^^^^^^^^ expected `bool`, found `&str`\n}\n\nlet x: f32 = \"Not a float\";\n//     ---   ^^^^^^^^^^^^^ expected `f32`, found `&str`\n//     |\n//     expected due to this\n```\n\nThis error occurs when an expression was used in a place where the compiler\nexpected an expression of a different type. It can occur in several cases, the\nmost common being when calling a function and passing an argument which has a\ndifferent type than the matching type in the function declaration.\n"},"level":"error","spans":[{"file_name":"/home/notlim_dev/.cargo/registry/src/index.crates.io-6f17d22bba15001f/lexical-core-0.6.2/src/atof/algorithm/math.rs","byte_start":32761,"byte_end":32765,"line_start":1259,"line_end":1259,"column_start":19,"column_end":23,"is_primary":true,"text":[{"text":"    let rem = n % bits;","highlight_start":19,"highlight_end":23}],"label":"expected `usize`, found `u32`","suggested_replacement":null,"suggestion_applicability":null,"expansion":null}],"children":[],"rendered":"\u001b[0m\u001b[1m\u001b[38;5;9merror[E0308]\u001b[0m\u001b[0m\u001b[1m: mismatched types\u001b[0m\n\u001b[0m    \u001b[0m\u001b[0m\u001b[1m\u001b[38;5;12m--> \u001b[0m\u001b[0m/home/notlim_dev/.cargo/registry/src/index.crates.io-6f17d22bba15001f/lexical-core-0.6.2/src/atof/algorithm/math.rs:1259:19\u001b[0m\n\u001b[0m     \u001b[0m\u001b[0m\u001b[1m\u001b[38;5;12m|\u001b[0m\n\u001b[0m\u001b[1m\u001b[38;5;12m1259\u001b[0m\u001b[0m \u001b[0m\u001b[0m\u001b[1m\u001b[38;5;12m|\u001b[0m\u001b[0m \u001b[0m\u001b[0m    let rem = n % bits;\u001b[0m\n\u001b[0m     \u001b[0m\u001b[0m\u001b[1m\u001b[38;5;12m|\u001b[0m\u001b[0m                   \u001b[0m\u001b[0m\u001b[1m\u001b[38;5;9m^^^^\u001b[0m\u001b[0m \u001b[0m\u001b[0m\u001b[1m\u001b[38;5;9mexpected `usize`, found `u32`\u001b[0m\n\n"}
{"$message_type":"diagnostic","message":"cannot calculate the remainder of `usize` divided by `u32`","code":{"code":"E0277","explanation":"You tried to use a type which doesn't implement some trait in a place which\nexpected that trait.\n\nErroneous code example:\n\n```compile_fail,E0277\n// here we declare the Foo trait with a bar method\ntrait Foo {\n    fn bar(&self);\n}\n\n// we now declare a function which takes an object implementing the Foo trait\nfn some_func<T: Foo>(foo: T) {\n    foo.bar();\n}\n\nfn main() {\n    // we now call the method with the i32 type, which doesn't implement\n    // the Foo trait\n    some_func(5i32); // error: the trait bound `i32 : Foo` is not satisfied\n}\n```\n\nIn order to fix this error, verify that the type you're using does implement\nthe trait. Example:\n\n```\ntrait Foo {\n    fn bar(&self);\n}\n\n// we implement the trait on the i32 type\nimpl Foo for i32 {\n    fn bar(&self) {}\n}\n\nfn some_func<T: Foo>(foo: T) {\n    foo.bar(); // we can now use this method since i32 implements the\n               // Foo trait\n}\n\nfn main() {\n    some_func(5i32); // ok!\n}\n```\n\nOr in a generic context, an erroneous code example would look like:\n\n```compile_fail,E0277\nfn some_func<T>(foo: T) {\n    println!(\"{:?}\", foo); // error: the trait `core::fmt::Debug` is not\n                           //        implemented for the type `T`\n}\n\nfn main() {\n    // We now call the method with the i32 type,\n    // which *does* implement the Debug trait.\n    some_func(5i32);\n}\n```\n\nNote that the error here is in the definition of the generic function. Although\nwe only call it with a parameter that does implement `Debug`, the compiler\nstill rejects the function. It must work with all possible input types. In\norder to make this example compile, we need to restrict the generic type we're\naccepting:\n\n```\nuse std::fmt;\n\n// Restrict the input type to types that implement Debug.\nfn some_func<T: fmt::Debug>(foo: T) {\n    println!(\"{:?}\", foo);\n}\n\nfn main() {\n    // Calling the method is still fine, as i32 implements Debug.\n    some_func(5i32);\n\n    // This would fail to compile now:\n    // struct WithoutDebug;\n    // some_func(WithoutDebug);\n}\n```\n\nRust only looks at the signature of the called function, as such it must\nalready specify all requirements that will be used for every type parameter.\n"},"level":"error","spans":[{"file_name":"/home/notlim_dev/.cargo/registry/src/index.crates.io-6f17d22bba15001f/lexical-core-0.6.2/src/atof/algorithm/math.rs","byte_start":32759,"byte_end":32760,"line_start":1259,"line_end":1259,"column_start":17,"column_end":18,"is_primary":true,"text":[{"text":"    let rem = n % bits;","highlight_start":17,"highlight_end":18}],"label":"no implementation for `usize % u32`","suggested_replacement":null,"suggestion_applicability":null,"expansion":null}],"children":[{"message":"the trait `Rem<u32>` is not implemented for `usize`","code":null,"level":"help","spans":[],"children":[],"rendered":null},{"message":"the following other types implement trait `Rem<Rhs>`:\n  `&'a usize` implements `Rem<usize>`\n  `&usize` implements `Rem<&usize>`\n  `usize` implements `Rem<&usize>`\n  `usize` implements `Rem<NonZero<usize>>`\n  `usize` implements `Rem`","code":null,"level":"help","spans":[],"children":[],"rendered":null}],"rendered":"\u001b[0m\u001b[1m\u001b[38;5;9merror[E0277]\u001b[0m\u001b[0m\u001b[1m: cannot calculate the remainder of `usize` divided by `u32`\u001b[0m\n\u001b[0m    \u001b[0m\u001b[0m\u001b[1m\u001b[38;5;12m--> \u001b[0m\u001b[0m/home/notlim_dev/.cargo/registry/src/index.crates.io-6f17d22bba15001f/lexical-core-0.6.2/src/atof/algorithm/math.rs:1259:17\u001b[0m\n\u001b[0m     \u001b[0m\u001b[0m\u001b[1m\u001b[38;5;12m|\u001b[0m\n\u001b[0m\u001b[1m\u001b[38;5;12m1259\u001b[0m\u001b[0m \u001b[0m\u001b[0m\u001b[1m\u001b[38;5;12m|\u001b[0m\u001b[0m \u001b[0m\u001b[0m    let rem = n % bits;\u001b[0m\n\u001b[0m     \u001b[0m\u001b[0m\u001b[1m\u001b[38;5;12m|\u001b[0m\u001b[0m                 \u001b[0m\u001b[0m\u001b[1m\u001b[38;5;9m^\u001b[0m\u001b[0m \u001b[0m\u001b[0m\u001b[1m\u001b[38;5;9mno implementation for `usize % u32`\u001b[0m\n\u001b[0m     \u001b[0m\u001b[0m\u001b[1m\u001b[38;5;12m|\u001b[0m\n\u001b[0m     \u001b[0m\u001b[0m\u001b[1m\u001b[38;5;12m= \u001b[0m\u001b[0m\u001b[1mhelp\u001b[0m\u001b[0m: the trait `Rem<u32>` is not implemented for `usize`\u001b[0m\n\u001b[0m     \u001b[0m\u001b[0m\u001b[1m\u001b[38;5;12m= \u001b[0m\u001b[0m\u001b[1mhelp\u001b[0m\u001b[0m: the following other types implement trait `Rem<Rhs>`:\u001b[0m\n\u001b[0m               `&'a usize` implements `Rem<usize>`\u001b[0m\n\u001b[0m               `&usize` implements `Rem<&usize>`\u001b[0m\n\u001b[0m               `usize` implements `Rem<&usize>`\u001b[0m\n\u001b[0m               `usize` implements `Rem<NonZero<usize>>`\u001b[0m\n\u001b[0m               `usize` implements `Rem`\u001b[0m\n\n"}
{"$message_type":"diagnostic","message":"mismatched types","code":{"code":"E0308","explanation":"Expected type did not match the received type.\n\nErroneous code examples:\n\n```compile_fail,E0308\nfn plus_one(x: i32) -> i32 {\n    x + 1\n}\n\nplus_one(\"Not a number\");\n//       ^^^^^^^^^^^^^^ expected `i32`, found `&str`\n\nif \"Not a bool\" {\n// ^^^^^^^^^^^^ expected `bool`, found `&str`\n}\n\nlet x: f32 = \"Not a float\";\n//     ---   ^^^^^^^^^^^^^ expected `f32`, found `&str`\n//     |\n//     expected due to this\n```\n\nThis error occurs when an expression was used in a place where the compiler\nexpected an expression of a different type. It can occur in several cases, the\nmost common being when calling a function and passing an argument which has a\ndifferent type than the matching type in the function declaration.\n"},"level":"error","spans":[{"file_name":"/home/notlim_dev/.cargo/registry/src/index.crates.io-6f17d22bba15001f/lexical-core-0.6.2/src/atof/algorithm/math.rs","byte_start":32785,"byte_end":32789,"line_start":1260,"line_end":1260,"column_start":19,"column_end":23,"is_primary":true,"text":[{"text":"    let div = n / bits;","highlight_start":19,"highlight_end":23}],"label":"expected `usize`, found `u32`","suggested_replacement":null,"suggestion_applicability":null,"expansion":null}],"children":[],"rendered":"\u001b[0m\u001b[1m\u001b[38;5;9merror[E0308]\u001b[0m\u001b[0m\u001b[1m: mismatched types\u001b[0m\n\u001b[0m    \u001b[0m\u001b[0m\u001b[1m\u001b[38;5;12m--> \u001b[0m\u001b[0m/home/notlim_dev/.cargo/registry/src/index.crates.io-6f17d22bba15001f/lexical-core-0.6.2/src/atof/algorithm/math.rs:1260:19\u001b[0m\n\u001b[0m     \u001b[0m\u001b[0m\u001b[1m\u001b[38;5;12m|\u001b[0m\n\u001b[0m\u001b[1m\u001b[38;5;12m1260\u001b[0m\u001b[0m \u001b[0m\u001b[0m\u001b[1m\u001b[38;5;12m|\u001b[0m\u001b[0m \u001b[0m\u001b[0m    let div = n / bits;\u001b[0m\n\u001b[0m     \u001b[0m\u001b[0m\u001b[1m\u001b[38;5;12m|\u001b[0m\u001b[0m                   \u001b[0m\u001b[0m\u001b[1m\u001b[38;5;9m^^^^\u001b[0m\u001b[0m \u001b[0m\u001b[0m\u001b[1m\u001b[38;5;9mexpected `usize`, found `u32`\u001b[0m\n\n"}
{"$message_type":"diagnostic","message":"cannot divide `usize` by `u32`","code":{"code":"E0277","explanation":"You tried to use a type which doesn't implement some trait in a place which\nexpected that trait.\n\nErroneous code example:\n\n```compile_fail,E0277\n// here we declare the Foo trait with a bar method\ntrait Foo {\n    fn bar(&self);\n}\n\n// we now declare a function which takes an object implementing the Foo trait\nfn some_func<T: Foo>(foo: T) {\n    foo.bar();\n}\n\nfn main() {\n    // we now call the method with the i32 type, which doesn't implement\n    // the Foo trait\n    some_func(5i32); // error: the trait bound `i32 : Foo` is not satisfied\n}\n```\n\nIn order to fix this error, verify that the type you're using does implement\nthe trait. Example:\n\n```\ntrait Foo {\n    fn bar(&self);\n}\n\n// we implement the trait on the i32 type\nimpl Foo for i32 {\n    fn bar(&self) {}\n}\n\nfn some_func<T: Foo>(foo: T) {\n    foo.bar(); // we can now use this method since i32 implements the\n               // Foo trait\n}\n\nfn main() {\n    some_func(5i32); // ok!\n}\n```\n\nOr in a generic context, an erroneous code example would look like:\n\n```compile_fail,E0277\nfn some_func<T>(foo: T) {\n    println!(\"{:?}\", foo); // error: the trait `core::fmt::Debug` is not\n                           //        implemented for the type `T`\n}\n\nfn main() {\n    // We now call the method with the i32 type,\n    // which *does* implement the Debug trait.\n    some_func(5i32);\n}\n```\n\nNote that the error here is in the definition of the generic function. Although\nwe only call it with a parameter that does implement `Debug`, the compiler\nstill rejects the function. It must work with all possible input types. In\norder to make this example compile, we need to restrict the generic type we're\naccepting:\n\n```\nuse std::fmt;\n\n// Restrict the input type to types that implement Debug.\nfn some_func<T: fmt::Debug>(foo: T) {\n    println!(\"{:?}\", foo);\n}\n\nfn main() {\n    // Calling the method is still fine, as i32 implements Debug.\n    some_func(5i32);\n\n    // This would fail to compile now:\n    // struct WithoutDebug;\n    // some_func(WithoutDebug);\n}\n```\n\nRust only looks at the signature of the called function, as such it must\nalready specify all requirements that will be used for every type parameter.\n"},"level":"error","spans":[{"file_name":"/home/notlim_dev/.cargo/registry/src/index.crates.io-6f17d22bba15001f/lexical-core-0.6.2/src/atof/algorithm/math.rs","byte_start":32783,"byte_end":32784,"line_start":1260,"line_end":1260,"column_start":17,"column_end":18,"is_primary":true,"text":[{"text":"    let div = n / bits;","highlight_start":17,"highlight_end":18}],"label":"no implementation for `usize / u32`","suggested_replacement":null,"suggestion_applicability":null,"expansion":null}],"children":[{"message":"the trait `Div<u32>` is not implemented for `usize`","code":null,"level":"help","spans":[],"children":[],"rendered":null},{"message":"the following other types implement trait `Div<Rhs>`:\n  `&'a usize` implements `Div<usize>`\n  `&usize` implements `Div<&usize>`\n  `usize` implements `Div<&usize>`\n  `usize` implements `Div<NonZero<usize>>`\n  `usize` implements `Div`","code":null,"level":"help","spans":[],"children":[],"rendered":null}],"rendered":"\u001b[0m\u001b[1m\u001b[38;5;9merror[E0277]\u001b[0m\u001b[0m\u001b[1m: cannot divide `usize` by `u32`\u001b[0m\n\u001b[0m    \u001b[0m\u001b[0m\u001b[1m\u001b[38;5;12m--> \u001b[0m\u001b[0m/home/notlim_dev/.cargo/registry/src/index.crates.io-6f17d22bba15001f/lexical-core-0.6.2/src/atof/algorithm/math.rs:1260:17\u001b[0m\n\u001b[0m     \u001b[0m\u001b[0m\u001b[1m\u001b[38;5;12m|\u001b[0m\n\u001b[0m\u001b[1m\u001b[38;5;12m1260\u001b[0m\u001b[0m \u001b[0m\u001b[0m\u001b[1m\u001b[38;5;12m|\u001b[0m\u001b[0m \u001b[0m\u001b[0m    let div = n / bits;\u001b[0m\n\u001b[0m     \u001b[0m\u001b[0m\u001b[1m\u001b[38;5;12m|\u001b[0m\u001b[0m                 \u001b[0m\u001b[0m\u001b[1m\u001b[38;5;9m^\u001b[0m\u001b[0m \u001b[0m\u001b[0m\u001b[1m\u001b[38;5;9mno implementation for `usize / u32`\u001b[0m\n\u001b[0m     \u001b[0m\u001b[0m\u001b[1m\u001b[38;5;12m|\u001b[0m\n\u001b[0m     \u001b[0m\u001b[0m\u001b[1m\u001b[38;5;12m= \u001b[0m\u001b[0m\u001b[1mhelp\u001b[0m\u001b[0m: the trait `Div<u32>` is not implemented for `usize`\u001b[0m\n\u001b[0m     \u001b[0m\u001b[0m\u001b[1m\u001b[38;5;12m= \u001b[0m\u001b[0m\u001b[1mhelp\u001b[0m\u001b[0m: the following other types implement trait `Div<Rhs>`:\u001b[0m\n\u001b[0m               `&'a usize` implements `Div<usize>`\u001b[0m\n\u001b[0m               `&usize` implements `Div<&usize>`\u001b[0m\n\u001b[0m               `usize` implements `Div<&usize>`\u001b[0m\n\u001b[0m               `usize` implements `Div<NonZero<usize>>`\u001b[0m\n\u001b[0m               `usize` implements `Div`\u001b[0m\n\n"}
{"$message_type":"diagnostic","message":"mismatched types","code":{"code":"E0308","explanation":"Expected type did not match the received type.\n\nErroneous code examples:\n\n```compile_fail,E0308\nfn plus_one(x: i32) -> i32 {\n    x + 1\n}\n\nplus_one(\"Not a number\");\n//       ^^^^^^^^^^^^^^ expected `i32`, found `&str`\n\nif \"Not a bool\" {\n// ^^^^^^^^^^^^ expected `bool`, found `&str`\n}\n\nlet x: f32 = \"Not a float\";\n//     ---   ^^^^^^^^^^^^^ expected `f32`, found `&str`\n//     |\n//     expected due to this\n```\n\nThis error occurs when an expression was used in a place where the compiler\nexpected an expression of a different type. It can occur in several cases, the\nmost common being when calling a function and passing an argument which has a\ndifferent type than the matching type in the function declaration.\n"},"level":"error","spans":[{"file_name":"/home/notlim_dev/.cargo/registry/src/index.crates.io-6f17d22bba15001f/lexical-core-0.6.2/src/atof/algorithm/math.rs","byte_start":55231,"byte_end":55232,"line_start":2071,"line_end":2071,"column_start":27,"column_end":28,"is_primary":true,"text":[{"text":"    let rs = Limb::BITS - s;","highlight_start":27,"highlight_end":28}],"label":"expected `u32`, found `usize`","suggested_replacement":null,"suggestion_applicability":null,"expansion":null}],"children":[],"rendered":"\u001b[0m\u001b[1m\u001b[38;5;9merror[E0308]\u001b[0m\u001b[0m\u001b[1m: mismatched types\u001b[0m\n\u001b[0m    \u001b[0m\u001b[0m\u001b[1m\u001b[38;5;12m--> \u001b[0m\u001b[0m/home/notlim_dev/.cargo/registry/src/index.crates.io-6f17d22bba15001f/lexical-core-0.6.2/src/atof/algorithm/math.rs:2071:27\u001b[0m\n\u001b[0m     \u001b[0m\u001b[0m\u001b[1m\u001b[38;5;12m|\u001b[0m\n\u001b[0m\u001b[1m\u001b[38;5;12m2071\u001b[0m\u001b[0m \u001b[0m\u001b[0m\u001b[1m\u001b[38;5;12m|\u001b[0m\u001b[0m \u001b[0m\u001b[0m    let rs = Limb::BITS - s;\u001b[0m\n\u001b[0m     \u001b[0m\u001b[0m\u001b[1m\u001b[38;5;12m|\u001b[0m\u001b[0m                           \u001b[0m\u001b[0m\u001b[1m\u001b[38;5;9m^\u001b[0m\u001b[0m \u001b[0m\u001b[0m\u001b[1m\u001b[38;5;9mexpected `u32`, found `usize`\u001b[0m\n\n"}
{"$message_type":"diagnostic","message":"cannot subtract `usize` from `u32`","code":{"code":"E0277","explanation":"You tried to use a type which doesn't implement some trait in a place which\nexpected that trait.\n\nErroneous code example:\n\n```compile_fail,E0277\n// here we declare the Foo trait with a bar method\ntrait Foo {\n    fn bar(&self);\n}\n\n// we now declare a function which takes an object implementing the Foo trait\nfn some_func<T: Foo>(foo: T) {\n    foo.bar();\n}\n\nfn main() {\n    // we now call the method with the i32 type, which doesn't implement\n    // the Foo trait\n    some_func(5i32); // error: the trait bound `i32 : Foo` is not satisfied\n}\n```\n\nIn order to fix this error, verify that the type you're using does implement\nthe trait. Example:\n\n```\ntrait Foo {\n    fn bar(&self);\n}\n\n// we implement the trait on the i32 type\nimpl Foo for i32 {\n    fn bar(&self) {}\n}\n\nfn some_func<T: Foo>(foo: T) {\n    foo.bar(); // we can now use this method since i32 implements the\n               // Foo trait\n}\n\nfn main() {\n    some_func(5i32); // ok!\n}\n```\n\nOr in a generic context, an erroneous code example would look like:\n\n```compile_fail,E0277\nfn some_func<T>(foo: T) {\n    println!(\"{:?}\", foo); // error: the trait `core::fmt::Debug` is not\n                           //        implemented for the type `T`\n}\n\nfn main() {\n    // We now call the method with the i32 type,\n    // which *does* implement the Debug trait.\n    some_func(5i32);\n}\n```\n\nNote that the error here is in the definition of the generic function. Although\nwe only call it with a parameter that does implement `Debug`, the compiler\nstill rejects the function. It must work with all possible input types. In\norder to make this example compile, we need to restrict the generic type we're\naccepting:\n\n```\nuse std::fmt;\n\n// Restrict the input type to types that implement Debug.\nfn some_func<T: fmt::Debug>(foo: T) {\n    println!(\"{:?}\", foo);\n}\n\nfn main() {\n    // Calling the method is still fine, as i32 implements Debug.\n    some_func(5i32);\n\n    // This would fail to compile now:\n    // struct WithoutDebug;\n    // some_func(WithoutDebug);\n}\n```\n\nRust only looks at the signature of the called function, as such it must\nalready specify all requirements that will be used for every type parameter.\n"},"level":"error","spans":[{"file_name":"/home/notlim_dev/.cargo/registry/src/index.crates.io-6f17d22bba15001f/lexical-core-0.6.2/src/atof/algorithm/math.rs","byte_start":55229,"byte_end":55230,"line_start":2071,"line_end":2071,"column_start":25,"column_end":26,"is_primary":true,"text":[{"text":"    let rs = Limb::BITS - s;","highlight_start":25,"highlight_end":26}],"label":"no implementation for `u32 - usize`","suggested_replacement":null,"suggestion_applicability":null,"expansion":null}],"children":[{"message":"the trait `Sub<usize>` is not implemented for `u32`","code":null,"level":"help","spans":[],"children":[],"rendered":null},{"message":"the following other types implement trait `Sub<Rhs>`:\n  `&'a u32` implements `Sub<u32>`\n  `&u32` implements `Sub<&u32>`\n  `u32` implements `Sub<&u32>`\n  `u32` implements `Sub`","code":null,"level":"help","spans":[],"children":[],"rendered":null}],"rendered":"\u001b[0m\u001b[1m\u001b[38;5;9merror[E0277]\u001b[0m\u001b[0m\u001b[1m: cannot subtract `usize` from `u32`\u001b[0m\n\u001b[0m    \u001b[0m\u001b[0m\u001b[1m\u001b[38;5;12m--> \u001b[0m\u001b[0m/home/notlim_dev/.cargo/registry/src/index.crates.io-6f17d22bba15001f/lexical-core-0.6.2/src/atof/algorithm/math.rs:2071:25\u001b[0m\n\u001b[0m     \u001b[0m\u001b[0m\u001b[1m\u001b[38;5;12m|\u001b[0m\n\u001b[0m\u001b[1m\u001b[38;5;12m2071\u001b[0m\u001b[0m \u001b[0m\u001b[0m\u001b[1m\u001b[38;5;12m|\u001b[0m\u001b[0m \u001b[0m\u001b[0m    let rs = Limb::BITS - s;\u001b[0m\n\u001b[0m     \u001b[0m\u001b[0m\u001b[1m\u001b[38;5;12m|\u001b[0m\u001b[0m                         \u001b[0m\u001b[0m\u001b[1m\u001b[38;5;9m^\u001b[0m\u001b[0m \u001b[0m\u001b[0m\u001b[1m\u001b[38;5;9mno implementation for `u32 - usize`\u001b[0m\n\u001b[0m     \u001b[0m\u001b[0m\u001b[1m\u001b[38;5;12m|\u001b[0m\n\u001b[0m     \u001b[0m\u001b[0m\u001b[1m\u001b[38;5;12m= \u001b[0m\u001b[0m\u001b[1mhelp\u001b[0m\u001b[0m: the trait `Sub<usize>` is not implemented for `u32`\u001b[0m\n\u001b[0m     \u001b[0m\u001b[0m\u001b[1m\u001b[38;5;12m= \u001b[0m\u001b[0m\u001b[1mhelp\u001b[0m\u001b[0m: the following other types implement trait `Sub<Rhs>`:\u001b[0m\n\u001b[0m               `&'a u32` implements `Sub<u32>`\u001b[0m\n\u001b[0m               `&u32` implements `Sub<&u32>`\u001b[0m\n\u001b[0m               `u32` implements `Sub<&u32>`\u001b[0m\n\u001b[0m               `u32` implements `Sub`\u001b[0m\n\n"}
{"$message_type":"diagnostic","message":"aborting due to 27 previous errors","code":null,"level":"error","spans":[],"children":[],"rendered":"\u001b[0m\u001b[1m\u001b[38;5;9merror\u001b[0m\u001b[0m\u001b[1m: aborting due to 27 previous errors\u001b[0m\n\n"}
{"$message_type":"diagnostic","message":"Some errors have detailed explanations: E0277, E0308.","code":null,"level":"failure-note","spans":[],"children":[],"rendered":"\u001b[0m\u001b[1mSome errors have detailed explanations: E0277, E0308.\u001b[0m\n"}
{"$message_type":"diagnostic","message":"For more information about an error, try `rustc --explain E0277`.","code":null,"level":"failure-note","spans":[],"children":[],"rendered":"\u001b[0m\u001b[1mFor more information about an error, try `rustc --explain E0277`.\u001b[0m\n"}
